Building DAG of jobs...
Using shell: /usr/bin/bash
Provided cores: 4
Rules claiming more threads will be scaled down.
Conda environments: ignored
Job stats:
job                                                   count
--------------------------------------------------  -------
all                                                       1
download_gnomad_v2_supplement                             1
download_gnomad_v3_noncoding_constraint_supplement        1
extract_gnomad_v2_murates                                 1
extract_gnomad_v3_noncoding_constraint                    1
total                                                     5

Select jobs to execute...

[Fri Jan  5 16:20:22 2024]
Job 4: 
        
Reason: Missing output files: resources/data/gnomad/supplement/media-2.zip?download=true


[Fri Jan  5 16:20:22 2024]
Job 2: 
        
Reason: Missing output files: resources/data/gnomad/supplement/41586_2020_2308_MOESM4_ESM.zip

[Fri Jan  5 16:20:30 2024]
Finished job 2.
1 of 5 steps (20%) done
Select jobs to execute...

[Fri Jan  5 16:20:30 2024]
Job 1: 
        
Reason: Missing output files: resources/data/gnomad/supplement/gnomad_v2.supplement-f10.murates.tsv; Input files updated by another job: resources/data/gnomad/supplement/41586_2020_2308_MOESM4_ESM.zip

[Fri Jan  5 16:20:31 2024]
Finished job 1.
2 of 5 steps (40%) done
[Fri Jan  5 16:23:29 2024]
Finished job 4.
3 of 5 steps (60%) done
Select jobs to execute...

[Fri Jan  5 16:23:29 2024]
Job 3: 
        
Reason: Missing output files: resources/data/gnomad/supplement/gnomad_v3.supplement-f03.constraintZ.100bp.hg38.tsv; Input files updated by another job: resources/data/gnomad/supplement/media-2.zip?download=true

[Fri Jan  5 16:23:41 2024]
Finished job 3.
4 of 5 steps (80%) done
Select jobs to execute...

[Fri Jan  5 16:23:41 2024]
localrule all:
    input: resources/data/gnomad/supplement/gnomad_v2.supplement-f10.murates.tsv, resources/data/gnomad/supplement/gnomad_v3.supplement-f03.constraintZ.100bp.hg38.tsv
    jobid: 0
    reason: Input files updated by another job: resources/data/gnomad/supplement/gnomad_v2.supplement-f10.murates.tsv, resources/data/gnomad/supplement/gnomad_v3.supplement-f03.constraintZ.100bp.hg38.tsv
    resources: tmpdir=/tmp

[Fri Jan  5 16:23:41 2024]
Finished job 0.
5 of 5 steps (100%) done
Complete log: .snakemake/log/2024-01-05T162020.329758.snakemake.log
