Building DAG of jobs...
Your conda installation is not configured to use strict channel priorities. This is however crucial for having robust and correct environments (for details, see https://conda-forge.org/docs/user/tipsandtricks.html). Please consider to configure strict priorities by executing 'conda config --set channel_priority strict'.
Using shell: /usr/bin/bash
Provided cores: 24
Rules claiming more threads will be scaled down.
Job stats:
job                                     count
------------------------------------  -------
all                                         1
model_annotate_murates_class_snvs           9
model_annotate_tricontext_class_snvs        9
model_calibrate_maps                        1
model_class_snvs                            9
total                                      29

Select jobs to execute...

[Mon Jan 29 14:59:26 2024]
Job 23: 
        Combs through all gnomAD variants and pulls out variants with VEP of a given class.
        
Reason: Missing output files: results/gnomad/snvs/gnomad_v3.snvs.splice_donor_variant.bed; Code has changed since last execution

Activating conda environment: ../../../../../../../../../../../../../home/tubbsca/snakemake_condas/50da9149049045a0d98d33af04a4495d_

[Mon Jan 29 14:59:26 2024]
Job 11: 
        Combs through all gnomAD variants and pulls out variants with VEP of a given class.
        
Reason: Missing output files: results/gnomad/snvs/gnomad_v3.snvs.3_prime_UTR_variant.bed; Code has changed since last execution

Activating conda environment: ../../../../../../../../../../../../../home/tubbsca/snakemake_condas/50da9149049045a0d98d33af04a4495d_

[Mon Jan 29 14:59:26 2024]
Job 29: 
        Combs through all gnomAD variants and pulls out variants with VEP of a given class.
        
Reason: Missing output files: results/gnomad/snvs/gnomad_v3.snvs.intergenic_variant.bed; Code has changed since last execution

Activating conda environment: ../../../../../../../../../../../../../home/tubbsca/snakemake_condas/50da9149049045a0d98d33af04a4495d_

[Mon Jan 29 14:59:26 2024]
Job 17: 
        Combs through all gnomAD variants and pulls out variants with VEP of a given class.
        
Reason: Missing output files: results/gnomad/snvs/gnomad_v3.snvs.missense_variant.bed; Code has changed since last execution

Activating conda environment: ../../../../../../../../../../../../../home/tubbsca/snakemake_condas/50da9149049045a0d98d33af04a4495d_

[Mon Jan 29 14:59:26 2024]
Job 20: 
        Combs through all gnomAD variants and pulls out variants with VEP of a given class.
        
Reason: Missing output files: results/gnomad/snvs/gnomad_v3.snvs.splice_acceptor_variant.bed; Code has changed since last execution

Activating conda environment: ../../../../../../../../../../../../../home/tubbsca/snakemake_condas/50da9149049045a0d98d33af04a4495d_

[Mon Jan 29 14:59:26 2024]
Job 8: 
        Combs through all gnomAD variants and pulls out variants with VEP of a given class.
        
Reason: Missing output files: results/gnomad/snvs/gnomad_v3.snvs.5_prime_UTR_variant.bed; Code has changed since last execution

Activating conda environment: ../../../../../../../../../../../../../home/tubbsca/snakemake_condas/50da9149049045a0d98d33af04a4495d_

[Mon Jan 29 14:59:26 2024]
Job 26: 
        Combs through all gnomAD variants and pulls out variants with VEP of a given class.
        
Reason: Missing output files: results/gnomad/snvs/gnomad_v3.snvs.stop_gained.bed; Code has changed since last execution

Activating conda environment: ../../../../../../../../../../../../../home/tubbsca/snakemake_condas/50da9149049045a0d98d33af04a4495d_

[Mon Jan 29 14:59:26 2024]
Job 14: 
        Combs through all gnomAD variants and pulls out variants with VEP of a given class.
        
Reason: Missing output files: results/gnomad/snvs/gnomad_v3.snvs.synonymous_variant.bed; Code has changed since last execution

Activating conda environment: ../../../../../../../../../../../../../home/tubbsca/snakemake_condas/50da9149049045a0d98d33af04a4495d_

[Mon Jan 29 14:59:26 2024]
Job 3: 
        Combs through all gnomAD variants and pulls out variants with VEP of a given class.
        
Reason: Missing output files: results/gnomad/snvs/gnomad_v3.snvs.intron_variant.bed; Code has changed since last execution

Activating conda environment: ../../../../../../../../../../../../../home/tubbsca/snakemake_condas/50da9149049045a0d98d33af04a4495d_
[Mon Jan 29 14:59:27 2024]
Finished job 3.
1 of 29 steps (3%) done
Select jobs to execute...

[Mon Jan 29 14:59:27 2024]
Job 2: 
        Annotates class snvs with tricontext 
        
Reason: Missing output files: results/gnomad/snvs/gnomad_v3.snvs.intron_variant.tricontext.bed; Input files updated by another job: results/gnomad/snvs/gnomad_v3.snvs.intron_variant.bed

Activating conda environment: ../../../../../../../../../../../../../home/tubbsca/snakemake_condas/50da9149049045a0d98d33af04a4495d_
[Mon Jan 29 14:59:27 2024]
Finished job 17.
2 of 29 steps (7%) done
Select jobs to execute...

[Mon Jan 29 14:59:27 2024]
Job 16: 
        Annotates class snvs with tricontext 
        
Reason: Missing output files: results/gnomad/snvs/gnomad_v3.snvs.missense_variant.tricontext.bed; Input files updated by another job: results/gnomad/snvs/gnomad_v3.snvs.missense_variant.bed

Activating conda environment: ../../../../../../../../../../../../../home/tubbsca/snakemake_condas/50da9149049045a0d98d33af04a4495d_
[Mon Jan 29 14:59:28 2024]
Finished job 11.
3 of 29 steps (10%) done
Select jobs to execute...

[Mon Jan 29 14:59:28 2024]
Job 10: 
        Annotates class snvs with tricontext 
        
Reason: Missing output files: results/gnomad/snvs/gnomad_v3.snvs.3_prime_UTR_variant.tricontext.bed; Input files updated by another job: results/gnomad/snvs/gnomad_v3.snvs.3_prime_UTR_variant.bed

Activating conda environment: ../../../../../../../../../../../../../home/tubbsca/snakemake_condas/50da9149049045a0d98d33af04a4495d_
Activating conda environment: ../../../../../../../../../../../../../home/tubbsca/snakemake_condas/50da9149049045a0d98d33af04a4495d_
[Mon Jan 29 14:59:28 2024]
Finished job 29.
4 of 29 steps (14%) done
Select jobs to execute...

[Mon Jan 29 14:59:28 2024]
Job 28: 
        Annotates class snvs with tricontext 
        
Reason: Missing output files: results/gnomad/snvs/gnomad_v3.snvs.intergenic_variant.tricontext.bed; Input files updated by another job: results/gnomad/snvs/gnomad_v3.snvs.intergenic_variant.bed

Activating conda environment: ../../../../../../../../../../../../../home/tubbsca/snakemake_condas/50da9149049045a0d98d33af04a4495d_
[Mon Jan 29 14:59:28 2024]
Finished job 8.
5 of 29 steps (17%) done
Select jobs to execute...

[Mon Jan 29 14:59:28 2024]
Job 7: 
        Annotates class snvs with tricontext 
        
Reason: Missing output files: results/gnomad/snvs/gnomad_v3.snvs.5_prime_UTR_variant.tricontext.bed; Input files updated by another job: results/gnomad/snvs/gnomad_v3.snvs.5_prime_UTR_variant.bed

Activating conda environment: ../../../../../../../../../../../../../home/tubbsca/snakemake_condas/50da9149049045a0d98d33af04a4495d_
Activating conda environment: ../../../../../../../../../../../../../home/tubbsca/snakemake_condas/50da9149049045a0d98d33af04a4495d_
Activating conda environment: ../../../../../../../../../../../../../home/tubbsca/snakemake_condas/50da9149049045a0d98d33af04a4495d_
Activating conda environment: ../../../../../../../../../../../../../home/tubbsca/snakemake_condas/50da9149049045a0d98d33af04a4495d_
Activating conda environment: ../../../../../../../../../../../../../home/tubbsca/snakemake_condas/50da9149049045a0d98d33af04a4495d_
[Mon Jan 29 14:59:28 2024]
Finished job 14.
6 of 29 steps (21%) done
Select jobs to execute...

[Mon Jan 29 14:59:28 2024]
Job 13: 
        Annotates class snvs with tricontext 
        
Reason: Missing output files: results/gnomad/snvs/gnomad_v3.snvs.synonymous_variant.tricontext.bed; Input files updated by another job: results/gnomad/snvs/gnomad_v3.snvs.synonymous_variant.bed

Activating conda environment: ../../../../../../../../../../../../../home/tubbsca/snakemake_condas/50da9149049045a0d98d33af04a4495d_
[Mon Jan 29 14:59:29 2024]
Error in rule model_annotate_tricontext_class_snvs:
    jobid: 2
    input: results/gnomad/snvs/gnomad_v3.snvs.intron_variant.bed
    output: results/gnomad/snvs/gnomad_v3.snvs.intron_variant.tricontext.bed
    log: workflow/logs/annotate_tricontext_class_snvs-intron_variant.stdout, workflow/logs/annotate_tricontext_class_snvs-intron_variant.stderr (check log file(s) for error details)
    conda-env: /home/tubbsca/snakemake_condas/50da9149049045a0d98d33af04a4495d_

RuleException:
CalledProcessError in file /panfs/accrepfs.vampire/data/ruderferlab/projects/biovu/cnv/cre/CTCF-Variant-Annotation/snakemake/workflows/common/gnomad-maps/workflow/rules/model.smk, line 91:
Command 'source /panfs/accrepfs.vampire/home/tubbsca/miniforge-pypy3/bin/activate '/home/tubbsca/snakemake_condas/50da9149049045a0d98d33af04a4495d_'; set -euo pipefail;  python /panfs/accrepfs.vampire/data/ruderferlab/projects/biovu/cnv/cre/CTCF-Variant-Annotation/snakemake/workflows/common/gnomad-maps/.snakemake/scripts/tmpp4p2e8t3.tricontext.py' returned non-zero exit status 1.
  File "/panfs/accrepfs.vampire/data/ruderferlab/projects/biovu/cnv/cre/CTCF-Variant-Annotation/snakemake/workflows/common/gnomad-maps/workflow/rules/model.smk", line 91, in __rule_annotate_tricontext_class_snvs
  File "/accre/arch/easybuild/software/BinDist/Anaconda3/2022.05/lib/python3.9/concurrent/futures/thread.py", line 58, in run
Activating conda environment: ../../../../../../../../../../../../../home/tubbsca/snakemake_condas/50da9149049045a0d98d33af04a4495d_
[Mon Jan 29 14:59:29 2024]
Error in rule model_annotate_tricontext_class_snvs:
    jobid: 16
    input: results/gnomad/snvs/gnomad_v3.snvs.missense_variant.bed
    output: results/gnomad/snvs/gnomad_v3.snvs.missense_variant.tricontext.bed
    log: workflow/logs/annotate_tricontext_class_snvs-missense_variant.stdout, workflow/logs/annotate_tricontext_class_snvs-missense_variant.stderr (check log file(s) for error details)
    conda-env: /home/tubbsca/snakemake_condas/50da9149049045a0d98d33af04a4495d_

RuleException:
CalledProcessError in file /panfs/accrepfs.vampire/data/ruderferlab/projects/biovu/cnv/cre/CTCF-Variant-Annotation/snakemake/workflows/common/gnomad-maps/workflow/rules/model.smk, line 91:
Command 'source /panfs/accrepfs.vampire/home/tubbsca/miniforge-pypy3/bin/activate '/home/tubbsca/snakemake_condas/50da9149049045a0d98d33af04a4495d_'; set -euo pipefail;  python /panfs/accrepfs.vampire/data/ruderferlab/projects/biovu/cnv/cre/CTCF-Variant-Annotation/snakemake/workflows/common/gnomad-maps/.snakemake/scripts/tmp4g1hfn02.tricontext.py' returned non-zero exit status 1.
  File "/panfs/accrepfs.vampire/data/ruderferlab/projects/biovu/cnv/cre/CTCF-Variant-Annotation/snakemake/workflows/common/gnomad-maps/workflow/rules/model.smk", line 91, in __rule_annotate_tricontext_class_snvs
  File "/accre/arch/easybuild/software/BinDist/Anaconda3/2022.05/lib/python3.9/concurrent/futures/thread.py", line 58, in run
[Mon Jan 29 14:59:29 2024]
Error in rule model_annotate_tricontext_class_snvs:
    jobid: 10
    input: results/gnomad/snvs/gnomad_v3.snvs.3_prime_UTR_variant.bed
    output: results/gnomad/snvs/gnomad_v3.snvs.3_prime_UTR_variant.tricontext.bed
    log: workflow/logs/annotate_tricontext_class_snvs-3_prime_UTR_variant.stdout, workflow/logs/annotate_tricontext_class_snvs-3_prime_UTR_variant.stderr (check log file(s) for error details)
    conda-env: /home/tubbsca/snakemake_condas/50da9149049045a0d98d33af04a4495d_

RuleException:
CalledProcessError in file /panfs/accrepfs.vampire/data/ruderferlab/projects/biovu/cnv/cre/CTCF-Variant-Annotation/snakemake/workflows/common/gnomad-maps/workflow/rules/model.smk, line 91:
Command 'source /panfs/accrepfs.vampire/home/tubbsca/miniforge-pypy3/bin/activate '/home/tubbsca/snakemake_condas/50da9149049045a0d98d33af04a4495d_'; set -euo pipefail;  python /panfs/accrepfs.vampire/data/ruderferlab/projects/biovu/cnv/cre/CTCF-Variant-Annotation/snakemake/workflows/common/gnomad-maps/.snakemake/scripts/tmp6w2dnusl.tricontext.py' returned non-zero exit status 1.
  File "/panfs/accrepfs.vampire/data/ruderferlab/projects/biovu/cnv/cre/CTCF-Variant-Annotation/snakemake/workflows/common/gnomad-maps/workflow/rules/model.smk", line 91, in __rule_annotate_tricontext_class_snvs
  File "/accre/arch/easybuild/software/BinDist/Anaconda3/2022.05/lib/python3.9/concurrent/futures/thread.py", line 58, in run
[Mon Jan 29 14:59:29 2024]
Error in rule model_annotate_tricontext_class_snvs:
    jobid: 28
    input: results/gnomad/snvs/gnomad_v3.snvs.intergenic_variant.bed
    output: results/gnomad/snvs/gnomad_v3.snvs.intergenic_variant.tricontext.bed
    log: workflow/logs/annotate_tricontext_class_snvs-intergenic_variant.stdout, workflow/logs/annotate_tricontext_class_snvs-intergenic_variant.stderr (check log file(s) for error details)
    conda-env: /home/tubbsca/snakemake_condas/50da9149049045a0d98d33af04a4495d_

RuleException:
CalledProcessError in file /panfs/accrepfs.vampire/data/ruderferlab/projects/biovu/cnv/cre/CTCF-Variant-Annotation/snakemake/workflows/common/gnomad-maps/workflow/rules/model.smk, line 91:
Command 'source /panfs/accrepfs.vampire/home/tubbsca/miniforge-pypy3/bin/activate '/home/tubbsca/snakemake_condas/50da9149049045a0d98d33af04a4495d_'; set -euo pipefail;  python /panfs/accrepfs.vampire/data/ruderferlab/projects/biovu/cnv/cre/CTCF-Variant-Annotation/snakemake/workflows/common/gnomad-maps/.snakemake/scripts/tmprn12u1ja.tricontext.py' returned non-zero exit status 1.
  File "/panfs/accrepfs.vampire/data/ruderferlab/projects/biovu/cnv/cre/CTCF-Variant-Annotation/snakemake/workflows/common/gnomad-maps/workflow/rules/model.smk", line 91, in __rule_annotate_tricontext_class_snvs
  File "/accre/arch/easybuild/software/BinDist/Anaconda3/2022.05/lib/python3.9/concurrent/futures/thread.py", line 58, in run
[Mon Jan 29 14:59:29 2024]
Error in rule model_annotate_tricontext_class_snvs:
    jobid: 7
    input: results/gnomad/snvs/gnomad_v3.snvs.5_prime_UTR_variant.bed
    output: results/gnomad/snvs/gnomad_v3.snvs.5_prime_UTR_variant.tricontext.bed
    log: workflow/logs/annotate_tricontext_class_snvs-5_prime_UTR_variant.stdout, workflow/logs/annotate_tricontext_class_snvs-5_prime_UTR_variant.stderr (check log file(s) for error details)
    conda-env: /home/tubbsca/snakemake_condas/50da9149049045a0d98d33af04a4495d_

RuleException:
CalledProcessError in file /panfs/accrepfs.vampire/data/ruderferlab/projects/biovu/cnv/cre/CTCF-Variant-Annotation/snakemake/workflows/common/gnomad-maps/workflow/rules/model.smk, line 91:
Command 'source /panfs/accrepfs.vampire/home/tubbsca/miniforge-pypy3/bin/activate '/home/tubbsca/snakemake_condas/50da9149049045a0d98d33af04a4495d_'; set -euo pipefail;  python /panfs/accrepfs.vampire/data/ruderferlab/projects/biovu/cnv/cre/CTCF-Variant-Annotation/snakemake/workflows/common/gnomad-maps/.snakemake/scripts/tmpr366es0c.tricontext.py' returned non-zero exit status 1.
  File "/panfs/accrepfs.vampire/data/ruderferlab/projects/biovu/cnv/cre/CTCF-Variant-Annotation/snakemake/workflows/common/gnomad-maps/workflow/rules/model.smk", line 91, in __rule_annotate_tricontext_class_snvs
  File "/accre/arch/easybuild/software/BinDist/Anaconda3/2022.05/lib/python3.9/concurrent/futures/thread.py", line 58, in run
[Mon Jan 29 14:59:30 2024]
Error in rule model_annotate_tricontext_class_snvs:
    jobid: 13
    input: results/gnomad/snvs/gnomad_v3.snvs.synonymous_variant.bed
    output: results/gnomad/snvs/gnomad_v3.snvs.synonymous_variant.tricontext.bed
    log: workflow/logs/annotate_tricontext_class_snvs-synonymous_variant.stdout, workflow/logs/annotate_tricontext_class_snvs-synonymous_variant.stderr (check log file(s) for error details)
    conda-env: /home/tubbsca/snakemake_condas/50da9149049045a0d98d33af04a4495d_

RuleException:
CalledProcessError in file /panfs/accrepfs.vampire/data/ruderferlab/projects/biovu/cnv/cre/CTCF-Variant-Annotation/snakemake/workflows/common/gnomad-maps/workflow/rules/model.smk, line 91:
Command 'source /panfs/accrepfs.vampire/home/tubbsca/miniforge-pypy3/bin/activate '/home/tubbsca/snakemake_condas/50da9149049045a0d98d33af04a4495d_'; set -euo pipefail;  python /panfs/accrepfs.vampire/data/ruderferlab/projects/biovu/cnv/cre/CTCF-Variant-Annotation/snakemake/workflows/common/gnomad-maps/.snakemake/scripts/tmplemsgigr.tricontext.py' returned non-zero exit status 1.
  File "/panfs/accrepfs.vampire/data/ruderferlab/projects/biovu/cnv/cre/CTCF-Variant-Annotation/snakemake/workflows/common/gnomad-maps/workflow/rules/model.smk", line 91, in __rule_annotate_tricontext_class_snvs
  File "/accre/arch/easybuild/software/BinDist/Anaconda3/2022.05/lib/python3.9/concurrent/futures/thread.py", line 58, in run
Terminating processes on user request, this might take some time.
[Mon Jan 29 14:59:35 2024]
Error in rule model_class_snvs:
    jobid: 23
    input: /data/ruderferlab/resources/gnomad/results/gnomad.v3.snvs.all.hg38.bed.gz
    output: results/gnomad/snvs/gnomad_v3.snvs.splice_donor_variant.bed
    log: workflow/logs/class_snvs-splice_donor_variant.stdout, workflow/logs/class_snvs-splice_donor_variant.stderr (check log file(s) for error details)
    conda-env: /home/tubbsca/snakemake_condas/50da9149049045a0d98d33af04a4495d_
    shell:
        
        set +o pipefail
        zcat /data/ruderferlab/resources/gnomad/results/gnomad.v3.snvs.all.hg38.bed.gz | vawk 'index($9, "splice_donor_variant")' | head -n 10000 > results/gnomad/snvs/gnomad_v3.snvs.splice_donor_variant.bed
        
        (one of the commands exited with non-zero exit code; note that snakemake uses bash strict mode!)

[Mon Jan 29 14:59:35 2024]
[Mon Jan 29 14:59:35 2024]
Error in rule model_class_snvs:
    jobid: 20
    input: /data/ruderferlab/resources/gnomad/results/gnomad.v3.snvs.all.hg38.bed.gz
    output: results/gnomad/snvs/gnomad_v3.snvs.splice_acceptor_variant.bed
    log: workflow/logs/class_snvs-splice_acceptor_variant.stdout, workflow/logs/class_snvs-splice_acceptor_variant.stderr (check log file(s) for error details)
    conda-env: /home/tubbsca/snakemake_condas/50da9149049045a0d98d33af04a4495d_
    shell:
        
        set +o pipefail
        zcat /data/ruderferlab/resources/gnomad/results/gnomad.v3.snvs.all.hg38.bed.gz | vawk 'index($9, "splice_acceptor_variant")' | head -n 10000 > results/gnomad/snvs/gnomad_v3.snvs.splice_acceptor_variant.bed
        
        (one of the commands exited with non-zero exit code; note that snakemake uses bash strict mode!)

Error in rule model_class_snvs:
    jobid: 26
    input: /data/ruderferlab/resources/gnomad/results/gnomad.v3.snvs.all.hg38.bed.gz
    output: results/gnomad/snvs/gnomad_v3.snvs.stop_gained.bed
    log: workflow/logs/class_snvs-stop_gained.stdout, workflow/logs/class_snvs-stop_gained.stderr (check log file(s) for error details)
    conda-env: /home/tubbsca/snakemake_condas/50da9149049045a0d98d33af04a4495d_
    shell:
        
        set +o pipefail
        zcat /data/ruderferlab/resources/gnomad/results/gnomad.v3.snvs.all.hg38.bed.gz | vawk 'index($9, "stop_gained")' | head -n 10000 > results/gnomad/snvs/gnomad_v3.snvs.stop_gained.bed
        
        (one of the commands exited with non-zero exit code; note that snakemake uses bash strict mode!)

Complete log: .snakemake/log/2024-01-29T145922.176230.snakemake.log
