Building DAG of jobs...
Your conda installation is not configured to use strict channel priorities. This is however crucial for having robust and correct environments (for details, see https://conda-forge.org/docs/user/tipsandtricks.html). Please consider to configure strict priorities by executing 'conda config --set channel_priority strict'.
Using shell: /usr/bin/bash
Provided cores: 24
Rules claiming more threads will be scaled down.
Job stats:
job                                     count
------------------------------------  -------
all                                         1
model_annotate_murates_class_snvs           9
model_annotate_tricontext_class_snvs        9
model_calculate_class_maps                  9
model_calibrate_maps                        1
model_class_snvs                            9
model_combine_class_maps                    1
total                                      39

Select jobs to execute...

[Thu Feb  1 11:30:09 2024]
Job 32: 
        Combs through all gnomAD variants and pulls out variants with VEP of a given class.
        
Reason: Forced execution

Activating conda environment: ../../../../../../../../../../../../../home/tubbsca/snakemake_condas/7190b8f9f7b448e422765cbde69c6c61_

[Thu Feb  1 11:30:09 2024]
Job 36: 
        Combs through all gnomAD variants and pulls out variants with VEP of a given class.
        
Reason: Missing output files: results/gnomad/snvs/gnomad_v3.snvs.stop_gained.bed

Activating conda environment: ../../../../../../../../../../../../../home/tubbsca/snakemake_condas/7190b8f9f7b448e422765cbde69c6c61_

[Thu Feb  1 11:30:09 2024]
Job 24: 
        Combs through all gnomAD variants and pulls out variants with VEP of a given class.
        
Reason: Missing output files: results/gnomad/snvs/gnomad_v3.snvs.missense_variant.bed

Activating conda environment: ../../../../../../../../../../../../../home/tubbsca/snakemake_condas/7190b8f9f7b448e422765cbde69c6c61_

[Thu Feb  1 11:30:09 2024]
Job 40: 
        Combs through all gnomAD variants and pulls out variants with VEP of a given class.
        
Reason: Missing output files: results/gnomad/snvs/gnomad_v3.snvs.intergenic_variant.bed

Activating conda environment: ../../../../../../../../../../../../../home/tubbsca/snakemake_condas/7190b8f9f7b448e422765cbde69c6c61_

[Thu Feb  1 11:30:09 2024]
Job 28: 
        Combs through all gnomAD variants and pulls out variants with VEP of a given class.
        
Reason: Forced execution

Activating conda environment: ../../../../../../../../../../../../../home/tubbsca/snakemake_condas/7190b8f9f7b448e422765cbde69c6c61_

[Thu Feb  1 11:30:09 2024]
Job 19: 
        Combs through all gnomAD variants and pulls out variants with VEP of a given class.
        
Reason: Missing output files: results/gnomad/snvs/gnomad_v3.snvs.3_prime_UTR_variant.bed

Activating conda environment: ../../../../../../../../../../../../../home/tubbsca/snakemake_condas/7190b8f9f7b448e422765cbde69c6c61_

[Thu Feb  1 11:30:09 2024]
Job 5: 
        Combs through all gnomAD variants and pulls out variants with VEP of a given class.
        
Reason: Missing output files: results/gnomad/snvs/gnomad_v3.snvs.intron_variant.bed

Activating conda environment: ../../../../../../../../../../../../../home/tubbsca/snakemake_condas/7190b8f9f7b448e422765cbde69c6c61_

[Thu Feb  1 11:30:09 2024]
Job 11: 
        Combs through all gnomAD variants and pulls out variants with VEP of a given class.
        
Reason: Missing output files: results/gnomad/snvs/gnomad_v3.snvs.synonymous_variant.bed

Activating conda environment: ../../../../../../../../../../../../../home/tubbsca/snakemake_condas/7190b8f9f7b448e422765cbde69c6c61_

[Thu Feb  1 11:30:09 2024]
Job 15: 
        Combs through all gnomAD variants and pulls out variants with VEP of a given class.
        
Reason: Missing output files: results/gnomad/snvs/gnomad_v3.snvs.5_prime_UTR_variant.bed

Activating conda environment: ../../../../../../../../../../../../../home/tubbsca/snakemake_condas/7190b8f9f7b448e422765cbde69c6c61_
[Thu Feb  1 11:30:09 2024]
Finished job 5.
1 of 39 steps (3%) done
Select jobs to execute...

[Thu Feb  1 11:30:09 2024]
Job 4: 
        Annotates class snvs with tricontext 
        
Reason: Missing output files: results/gnomad/snvs/gnomad_v3.snvs.intron_variant.tricontext.bed; Input files updated by another job: results/gnomad/snvs/gnomad_v3.snvs.intron_variant.bed

Activating conda environment: ../../../../../../../../../../../../../home/tubbsca/snakemake_condas/7190b8f9f7b448e422765cbde69c6c61_
[Thu Feb  1 11:30:10 2024]
Finished job 24.
2 of 39 steps (5%) done
Select jobs to execute...

[Thu Feb  1 11:30:10 2024]
Job 23: 
        Annotates class snvs with tricontext 
        
Reason: Missing output files: results/gnomad/snvs/gnomad_v3.snvs.missense_variant.tricontext.bed; Input files updated by another job: results/gnomad/snvs/gnomad_v3.snvs.missense_variant.bed

Activating conda environment: ../../../../../../../../../../../../../home/tubbsca/snakemake_condas/7190b8f9f7b448e422765cbde69c6c61_
Activating conda environment: ../../../../../../../../../../../../../home/tubbsca/snakemake_condas/7190b8f9f7b448e422765cbde69c6c61_
[Thu Feb  1 11:30:10 2024]
Finished job 19.
3 of 39 steps (8%) done
Select jobs to execute...

[Thu Feb  1 11:30:10 2024]
Job 18: 
        Annotates class snvs with tricontext 
        
Reason: Missing output files: results/gnomad/snvs/gnomad_v3.snvs.3_prime_UTR_variant.tricontext.bed; Input files updated by another job: results/gnomad/snvs/gnomad_v3.snvs.3_prime_UTR_variant.bed

Activating conda environment: ../../../../../../../../../../../../../home/tubbsca/snakemake_condas/7190b8f9f7b448e422765cbde69c6c61_
[Thu Feb  1 11:30:10 2024]
Finished job 40.
4 of 39 steps (10%) done
Select jobs to execute...

[Thu Feb  1 11:30:10 2024]
Job 39: 
        Annotates class snvs with tricontext 
        
Reason: Missing output files: results/gnomad/snvs/gnomad_v3.snvs.intergenic_variant.tricontext.bed; Input files updated by another job: results/gnomad/snvs/gnomad_v3.snvs.intergenic_variant.bed

Activating conda environment: ../../../../../../../../../../../../../home/tubbsca/snakemake_condas/7190b8f9f7b448e422765cbde69c6c61_
[Thu Feb  1 11:30:10 2024]
Finished job 15.
5 of 39 steps (13%) done
Select jobs to execute...

[Thu Feb  1 11:30:10 2024]
Job 14: 
        Annotates class snvs with tricontext 
        
Reason: Missing output files: results/gnomad/snvs/gnomad_v3.snvs.5_prime_UTR_variant.tricontext.bed; Input files updated by another job: results/gnomad/snvs/gnomad_v3.snvs.5_prime_UTR_variant.bed

Activating conda environment: ../../../../../../../../../../../../../home/tubbsca/snakemake_condas/7190b8f9f7b448e422765cbde69c6c61_
Activating conda environment: ../../../../../../../../../../../../../home/tubbsca/snakemake_condas/7190b8f9f7b448e422765cbde69c6c61_
Activating conda environment: ../../../../../../../../../../../../../home/tubbsca/snakemake_condas/7190b8f9f7b448e422765cbde69c6c61_
Activating conda environment: ../../../../../../../../../../../../../home/tubbsca/snakemake_condas/7190b8f9f7b448e422765cbde69c6c61_
Activating conda environment: ../../../../../../../../../../../../../home/tubbsca/snakemake_condas/7190b8f9f7b448e422765cbde69c6c61_
[Thu Feb  1 11:30:11 2024]
Finished job 11.
6 of 39 steps (15%) done
Select jobs to execute...

[Thu Feb  1 11:30:11 2024]
Job 10: 
        Annotates class snvs with tricontext 
        
Reason: Missing output files: results/gnomad/snvs/gnomad_v3.snvs.synonymous_variant.tricontext.bed; Input files updated by another job: results/gnomad/snvs/gnomad_v3.snvs.synonymous_variant.bed

Activating conda environment: ../../../../../../../../../../../../../home/tubbsca/snakemake_condas/7190b8f9f7b448e422765cbde69c6c61_
Activating conda environment: ../../../../../../../../../../../../../home/tubbsca/snakemake_condas/7190b8f9f7b448e422765cbde69c6c61_
[Thu Feb  1 11:30:14 2024]
Finished job 39.
7 of 39 steps (18%) done
Removing temporary output results/gnomad/snvs/gnomad_v3.snvs.intergenic_variant.bed.
Select jobs to execute...

[Thu Feb  1 11:30:14 2024]
Job 38: 
        Annotates class snvs with mutation rates. 
        
Reason: Missing output files: results/gnomad/snvs/gnomad_v3.snvs.intergenic_variant.tricontext.murates.bed; Input files updated by another job: results/gnomad/snvs/gnomad_v3.snvs.intergenic_variant.tricontext.bed

Activating conda environment: ../../../../../../../../../../../../../home/tubbsca/snakemake_condas/7190b8f9f7b448e422765cbde69c6c61_
[Thu Feb  1 11:30:14 2024]
Finished job 23.
8 of 39 steps (21%) done
Removing temporary output results/gnomad/snvs/gnomad_v3.snvs.missense_variant.bed.
Select jobs to execute...

[Thu Feb  1 11:30:14 2024]
Job 22: 
        Annotates class snvs with mutation rates. 
        
Reason: Missing output files: results/gnomad/snvs/gnomad_v3.snvs.missense_variant.tricontext.murates.bed; Input files updated by another job: results/gnomad/snvs/gnomad_v3.snvs.missense_variant.tricontext.bed

Activating conda environment: ../../../../../../../../../../../../../home/tubbsca/snakemake_condas/7190b8f9f7b448e422765cbde69c6c61_
[Thu Feb  1 11:30:14 2024]
Finished job 4.
9 of 39 steps (23%) done
Removing temporary output results/gnomad/snvs/gnomad_v3.snvs.intron_variant.bed.
[Thu Feb  1 11:30:14 2024]
Finished job 14.
10 of 39 steps (26%) done
Removing temporary output results/gnomad/snvs/gnomad_v3.snvs.5_prime_UTR_variant.bed.
[Thu Feb  1 11:30:14 2024]
Finished job 10.
11 of 39 steps (28%) done
Removing temporary output results/gnomad/snvs/gnomad_v3.snvs.synonymous_variant.bed.
[Thu Feb  1 11:30:14 2024]
Finished job 18.
12 of 39 steps (31%) done
Removing temporary output results/gnomad/snvs/gnomad_v3.snvs.3_prime_UTR_variant.bed.
Activating conda environment: ../../../../../../../../../../../../../home/tubbsca/snakemake_condas/7190b8f9f7b448e422765cbde69c6c61_
Select jobs to execute...

[Thu Feb  1 11:30:14 2024]
Job 9: 
        Annotates class snvs with mutation rates. 
        
Reason: Missing output files: results/gnomad/snvs/gnomad_v3.snvs.synonymous_variant.tricontext.murates.bed; Input files updated by another job: results/gnomad/snvs/gnomad_v3.snvs.synonymous_variant.tricontext.bed

[Thu Feb  1 11:30:14 2024]
Job 3: 
        Annotates class snvs with mutation rates. 
        
Reason: Missing output files: results/gnomad/snvs/gnomad_v3.snvs.intron_variant.tricontext.murates.bed; Input files updated by another job: results/gnomad/snvs/gnomad_v3.snvs.intron_variant.tricontext.bed

Activating conda environment: ../../../../../../../../../../../../../home/tubbsca/snakemake_condas/7190b8f9f7b448e422765cbde69c6c61_

[Thu Feb  1 11:30:14 2024]
Job 13: 
        Annotates class snvs with mutation rates. 
        
Reason: Missing output files: results/gnomad/snvs/gnomad_v3.snvs.5_prime_UTR_variant.tricontext.murates.bed; Input files updated by another job: results/gnomad/snvs/gnomad_v3.snvs.5_prime_UTR_variant.tricontext.bed

Activating conda environment: ../../../../../../../../../../../../../home/tubbsca/snakemake_condas/7190b8f9f7b448e422765cbde69c6c61_

[Thu Feb  1 11:30:14 2024]
Job 17: 
        Annotates class snvs with mutation rates. 
        
Reason: Missing output files: results/gnomad/snvs/gnomad_v3.snvs.3_prime_UTR_variant.tricontext.murates.bed; Input files updated by another job: results/gnomad/snvs/gnomad_v3.snvs.3_prime_UTR_variant.tricontext.bed

Activating conda environment: ../../../../../../../../../../../../../home/tubbsca/snakemake_condas/7190b8f9f7b448e422765cbde69c6c61_
Activating conda environment: ../../../../../../../../../../../../../home/tubbsca/snakemake_condas/7190b8f9f7b448e422765cbde69c6c61_
Activating conda environment: ../../../../../../../../../../../../../home/tubbsca/snakemake_condas/7190b8f9f7b448e422765cbde69c6c61_
Activating conda environment: ../../../../../../../../../../../../../home/tubbsca/snakemake_condas/7190b8f9f7b448e422765cbde69c6c61_
Activating conda environment: ../../../../../../../../../../../../../home/tubbsca/snakemake_condas/7190b8f9f7b448e422765cbde69c6c61_
Activating conda environment: ../../../../../../../../../../../../../home/tubbsca/snakemake_condas/7190b8f9f7b448e422765cbde69c6c61_
Activating conda environment: ../../../../../../../../../../../../../home/tubbsca/snakemake_condas/7190b8f9f7b448e422765cbde69c6c61_
[Thu Feb  1 11:30:16 2024]
Finished job 38.
13 of 39 steps (33%) done
Removing temporary output results/gnomad/snvs/gnomad_v3.snvs.intergenic_variant.tricontext.bed.
[Thu Feb  1 11:30:16 2024]
Finished job 22.
14 of 39 steps (36%) done
Removing temporary output results/gnomad/snvs/gnomad_v3.snvs.missense_variant.tricontext.bed.
[Thu Feb  1 11:30:16 2024]
Finished job 9.
15 of 39 steps (38%) done
Removing temporary output results/gnomad/snvs/gnomad_v3.snvs.synonymous_variant.tricontext.bed.
Select jobs to execute...

[Thu Feb  1 11:30:16 2024]
Job 8: 
        Calibrate maps on synvars 
        
Reason: Input files updated by another job: results/gnomad/snvs/gnomad_v3.snvs.synonymous_variant.tricontext.murates.bed

Activating conda environment: ../../../../../../../../../../../../../home/tubbsca/snakemake_condas/7190b8f9f7b448e422765cbde69c6c61_
[Thu Feb  1 11:30:16 2024]
Finished job 3.
16 of 39 steps (41%) done
Removing temporary output results/gnomad/snvs/gnomad_v3.snvs.intron_variant.tricontext.bed.
[Thu Feb  1 11:30:16 2024]
Finished job 17.
17 of 39 steps (44%) done
Removing temporary output results/gnomad/snvs/gnomad_v3.snvs.3_prime_UTR_variant.tricontext.bed.
[Thu Feb  1 11:30:16 2024]
Finished job 13.
18 of 39 steps (46%) done
Removing temporary output results/gnomad/snvs/gnomad_v3.snvs.5_prime_UTR_variant.tricontext.bed.
Activating conda environment: ../../../../../../../../../../../../../home/tubbsca/snakemake_condas/7190b8f9f7b448e422765cbde69c6c61_
[Thu Feb  1 11:30:20 2024]
Finished job 8.
19 of 39 steps (49%) done
Select jobs to execute...

[Thu Feb  1 11:30:20 2024]
Job 20: 
        Calibrate maps on all VEP vars 
        
Reason: Missing output files: results/gnomad/maps/maps-synonymous_variant.tsv; Input files updated by another job: results/gnomad/snvs/gnomad_v3.snvs.synonymous_variant.tricontext.murates.bed, results/gnomad/maps/maps-calibrated.pickle

[Thu Feb  1 11:30:20 2024]
Job 12: 
        Calibrate maps on all VEP vars 
        
Reason: Missing output files: results/gnomad/maps/maps-5_prime_UTR_variant.tsv; Input files updated by another job: results/gnomad/maps/maps-calibrated.pickle, results/gnomad/snvs/gnomad_v3.snvs.5_prime_UTR_variant.tricontext.murates.bed

[Thu Feb  1 11:30:20 2024]
Job 16: 
        Calibrate maps on all VEP vars 
        
Reason: Missing output files: results/gnomad/maps/maps-3_prime_UTR_variant.tsv; Input files updated by another job: results/gnomad/snvs/gnomad_v3.snvs.3_prime_UTR_variant.tricontext.murates.bed, results/gnomad/maps/maps-calibrated.pickle

Activating conda environment: ../../../../../../../../../../../../../home/tubbsca/snakemake_condas/7190b8f9f7b448e422765cbde69c6c61_
Activating conda environment: ../../../../../../../../../../../../../home/tubbsca/snakemake_condas/7190b8f9f7b448e422765cbde69c6c61_

[Thu Feb  1 11:30:20 2024]
Job 21: 
        Calibrate maps on all VEP vars 
        
Reason: Missing output files: results/gnomad/maps/maps-missense_variant.tsv; Input files updated by another job: results/gnomad/snvs/gnomad_v3.snvs.missense_variant.tricontext.murates.bed, results/gnomad/maps/maps-calibrated.pickle

Activating conda environment: ../../../../../../../../../../../../../home/tubbsca/snakemake_condas/7190b8f9f7b448e422765cbde69c6c61_

[Thu Feb  1 11:30:20 2024]
Job 37: 
        Calibrate maps on all VEP vars 
        
Reason: Missing output files: results/gnomad/maps/maps-intergenic_variant.tsv; Input files updated by another job: results/gnomad/snvs/gnomad_v3.snvs.intergenic_variant.tricontext.murates.bed, results/gnomad/maps/maps-calibrated.pickle

[Thu Feb  1 11:30:20 2024]
Job 2: 
        Calibrate maps on all VEP vars 
        
Reason: Missing output files: results/gnomad/maps/maps-intron_variant.tsv; Input files updated by another job: results/gnomad/snvs/gnomad_v3.snvs.intron_variant.tricontext.murates.bed, results/gnomad/maps/maps-calibrated.pickle

Activating conda environment: ../../../../../../../../../../../../../home/tubbsca/snakemake_condas/7190b8f9f7b448e422765cbde69c6c61_
Activating conda environment: ../../../../../../../../../../../../../home/tubbsca/snakemake_condas/7190b8f9f7b448e422765cbde69c6c61_
Activating conda environment: ../../../../../../../../../../../../../home/tubbsca/snakemake_condas/7190b8f9f7b448e422765cbde69c6c61_
Activating conda environment: ../../../../../../../../../../../../../home/tubbsca/snakemake_condas/7190b8f9f7b448e422765cbde69c6c61_
Activating conda environment: ../../../../../../../../../../../../../home/tubbsca/snakemake_condas/7190b8f9f7b448e422765cbde69c6c61_
Activating conda environment: ../../../../../../../../../../../../../home/tubbsca/snakemake_condas/7190b8f9f7b448e422765cbde69c6c61_
Activating conda environment: ../../../../../../../../../../../../../home/tubbsca/snakemake_condas/7190b8f9f7b448e422765cbde69c6c61_
Activating conda environment: ../../../../../../../../../../../../../home/tubbsca/snakemake_condas/7190b8f9f7b448e422765cbde69c6c61_
Activating conda environment: ../../../../../../../../../../../../../home/tubbsca/snakemake_condas/7190b8f9f7b448e422765cbde69c6c61_
[Thu Feb  1 11:30:22 2024]
Finished job 12.
20 of 39 steps (51%) done
Removing temporary output results/gnomad/snvs/gnomad_v3.snvs.5_prime_UTR_variant.tricontext.murates.bed.
[Thu Feb  1 11:30:22 2024]
Finished job 20.
21 of 39 steps (54%) done
Removing temporary output results/gnomad/snvs/gnomad_v3.snvs.synonymous_variant.tricontext.murates.bed.
[Thu Feb  1 11:30:22 2024]
Finished job 16.
22 of 39 steps (56%) done
Removing temporary output results/gnomad/snvs/gnomad_v3.snvs.3_prime_UTR_variant.tricontext.murates.bed.
[Thu Feb  1 11:30:22 2024]
Finished job 37.
23 of 39 steps (59%) done
Removing temporary output results/gnomad/snvs/gnomad_v3.snvs.intergenic_variant.tricontext.murates.bed.
[Thu Feb  1 11:30:22 2024]
Finished job 21.
24 of 39 steps (62%) done
Removing temporary output results/gnomad/snvs/gnomad_v3.snvs.missense_variant.tricontext.murates.bed.
[Thu Feb  1 11:30:22 2024]
Finished job 2.
25 of 39 steps (64%) done
Removing temporary output results/gnomad/snvs/gnomad_v3.snvs.intron_variant.tricontext.murates.bed.
[Thu Feb  1 11:31:20 2024]
Finished job 36.
26 of 39 steps (67%) done
Select jobs to execute...

[Thu Feb  1 11:31:20 2024]
Job 35: 
        Annotates class snvs with tricontext 
        
Reason: Missing output files: results/gnomad/snvs/gnomad_v3.snvs.stop_gained.tricontext.bed; Input files updated by another job: results/gnomad/snvs/gnomad_v3.snvs.stop_gained.bed

Activating conda environment: ../../../../../../../../../../../../../home/tubbsca/snakemake_condas/7190b8f9f7b448e422765cbde69c6c61_
Activating conda environment: ../../../../../../../../../../../../../home/tubbsca/snakemake_condas/7190b8f9f7b448e422765cbde69c6c61_
[Thu Feb  1 11:31:22 2024]
Finished job 35.
27 of 39 steps (69%) done
Removing temporary output results/gnomad/snvs/gnomad_v3.snvs.stop_gained.bed.
Select jobs to execute...

[Thu Feb  1 11:31:22 2024]
Job 34: 
        Annotates class snvs with mutation rates. 
        
Reason: Missing output files: results/gnomad/snvs/gnomad_v3.snvs.stop_gained.tricontext.murates.bed; Input files updated by another job: results/gnomad/snvs/gnomad_v3.snvs.stop_gained.tricontext.bed

Activating conda environment: ../../../../../../../../../../../../../home/tubbsca/snakemake_condas/7190b8f9f7b448e422765cbde69c6c61_
Activating conda environment: ../../../../../../../../../../../../../home/tubbsca/snakemake_condas/7190b8f9f7b448e422765cbde69c6c61_
[Thu Feb  1 11:31:24 2024]
Finished job 34.
28 of 39 steps (72%) done
Removing temporary output results/gnomad/snvs/gnomad_v3.snvs.stop_gained.tricontext.bed.
Select jobs to execute...

[Thu Feb  1 11:31:24 2024]
Job 33: 
        Calibrate maps on all VEP vars 
        
Reason: Missing output files: results/gnomad/maps/maps-stop_gained.tsv; Input files updated by another job: results/gnomad/maps/maps-calibrated.pickle, results/gnomad/snvs/gnomad_v3.snvs.stop_gained.tricontext.murates.bed

Activating conda environment: ../../../../../../../../../../../../../home/tubbsca/snakemake_condas/7190b8f9f7b448e422765cbde69c6c61_
Activating conda environment: ../../../../../../../../../../../../../home/tubbsca/snakemake_condas/7190b8f9f7b448e422765cbde69c6c61_
[Thu Feb  1 11:31:26 2024]
Finished job 33.
29 of 39 steps (74%) done
Removing temporary output results/gnomad/snvs/gnomad_v3.snvs.stop_gained.tricontext.murates.bed.
[Thu Feb  1 11:32:16 2024]
Finished job 32.
30 of 39 steps (77%) done
Select jobs to execute...

[Thu Feb  1 11:32:16 2024]
Job 31: 
        Annotates class snvs with tricontext 
        
Reason: Missing output files: results/gnomad/snvs/gnomad_v3.snvs.splice_donor_variant.tricontext.bed; Input files updated by another job: results/gnomad/snvs/gnomad_v3.snvs.splice_donor_variant.bed

Activating conda environment: ../../../../../../../../../../../../../home/tubbsca/snakemake_condas/7190b8f9f7b448e422765cbde69c6c61_
Activating conda environment: ../../../../../../../../../../../../../home/tubbsca/snakemake_condas/7190b8f9f7b448e422765cbde69c6c61_
[Thu Feb  1 11:32:18 2024]
Finished job 31.
31 of 39 steps (79%) done
Removing temporary output results/gnomad/snvs/gnomad_v3.snvs.splice_donor_variant.bed.
Select jobs to execute...

[Thu Feb  1 11:32:18 2024]
Job 30: 
        Annotates class snvs with mutation rates. 
        
Reason: Missing output files: results/gnomad/snvs/gnomad_v3.snvs.splice_donor_variant.tricontext.murates.bed; Input files updated by another job: results/gnomad/snvs/gnomad_v3.snvs.splice_donor_variant.tricontext.bed

Activating conda environment: ../../../../../../../../../../../../../home/tubbsca/snakemake_condas/7190b8f9f7b448e422765cbde69c6c61_
Activating conda environment: ../../../../../../../../../../../../../home/tubbsca/snakemake_condas/7190b8f9f7b448e422765cbde69c6c61_
[Thu Feb  1 11:32:20 2024]
Finished job 30.
32 of 39 steps (82%) done
Removing temporary output results/gnomad/snvs/gnomad_v3.snvs.splice_donor_variant.tricontext.bed.
Select jobs to execute...

[Thu Feb  1 11:32:20 2024]
Job 29: 
        Calibrate maps on all VEP vars 
        
Reason: Missing output files: results/gnomad/maps/maps-splice_donor_variant.tsv; Input files updated by another job: results/gnomad/maps/maps-calibrated.pickle, results/gnomad/snvs/gnomad_v3.snvs.splice_donor_variant.tricontext.murates.bed

Activating conda environment: ../../../../../../../../../../../../../home/tubbsca/snakemake_condas/7190b8f9f7b448e422765cbde69c6c61_
Activating conda environment: ../../../../../../../../../../../../../home/tubbsca/snakemake_condas/7190b8f9f7b448e422765cbde69c6c61_
[Thu Feb  1 11:32:22 2024]
Finished job 29.
33 of 39 steps (85%) done
Removing temporary output results/gnomad/snvs/gnomad_v3.snvs.splice_donor_variant.tricontext.murates.bed.
[Thu Feb  1 11:33:02 2024]
Finished job 28.
34 of 39 steps (87%) done
Select jobs to execute...

[Thu Feb  1 11:33:02 2024]
Job 27: 
        Annotates class snvs with tricontext 
        
Reason: Missing output files: results/gnomad/snvs/gnomad_v3.snvs.splice_acceptor_variant.tricontext.bed; Input files updated by another job: results/gnomad/snvs/gnomad_v3.snvs.splice_acceptor_variant.bed

Activating conda environment: ../../../../../../../../../../../../../home/tubbsca/snakemake_condas/7190b8f9f7b448e422765cbde69c6c61_
Activating conda environment: ../../../../../../../../../../../../../home/tubbsca/snakemake_condas/7190b8f9f7b448e422765cbde69c6c61_
[Thu Feb  1 11:33:05 2024]
Finished job 27.
35 of 39 steps (90%) done
Removing temporary output results/gnomad/snvs/gnomad_v3.snvs.splice_acceptor_variant.bed.
Select jobs to execute...

[Thu Feb  1 11:33:05 2024]
Job 26: 
        Annotates class snvs with mutation rates. 
        
Reason: Missing output files: results/gnomad/snvs/gnomad_v3.snvs.splice_acceptor_variant.tricontext.murates.bed; Input files updated by another job: results/gnomad/snvs/gnomad_v3.snvs.splice_acceptor_variant.tricontext.bed

Activating conda environment: ../../../../../../../../../../../../../home/tubbsca/snakemake_condas/7190b8f9f7b448e422765cbde69c6c61_
Activating conda environment: ../../../../../../../../../../../../../home/tubbsca/snakemake_condas/7190b8f9f7b448e422765cbde69c6c61_
[Thu Feb  1 11:33:06 2024]
Finished job 26.
36 of 39 steps (92%) done
Removing temporary output results/gnomad/snvs/gnomad_v3.snvs.splice_acceptor_variant.tricontext.bed.
Select jobs to execute...

[Thu Feb  1 11:33:06 2024]
Job 25: 
        Calibrate maps on all VEP vars 
        
Reason: Missing output files: results/gnomad/maps/maps-splice_acceptor_variant.tsv; Input files updated by another job: results/gnomad/maps/maps-calibrated.pickle, results/gnomad/snvs/gnomad_v3.snvs.splice_acceptor_variant.tricontext.murates.bed

Activating conda environment: ../../../../../../../../../../../../../home/tubbsca/snakemake_condas/7190b8f9f7b448e422765cbde69c6c61_
Activating conda environment: ../../../../../../../../../../../../../home/tubbsca/snakemake_condas/7190b8f9f7b448e422765cbde69c6c61_
[Thu Feb  1 11:33:08 2024]
Finished job 25.
37 of 39 steps (95%) done
Removing temporary output results/gnomad/snvs/gnomad_v3.snvs.splice_acceptor_variant.tricontext.murates.bed.
Select jobs to execute...

[Thu Feb  1 11:33:08 2024]
Job 1: 
        Combines maps score into single matrix
        
Reason: Missing output files: results/gnomad/maps/maps-vep_classes.tsv; Input files updated by another job: results/gnomad/maps/maps-intron_variant.tsv, results/gnomad/maps/maps-synonymous_variant.tsv, results/gnomad/maps/maps-splice_donor_variant.tsv, results/gnomad/maps/maps-missense_variant.tsv, results/gnomad/maps/maps-5_prime_UTR_variant.tsv, results/gnomad/maps/maps-3_prime_UTR_variant.tsv, results/gnomad/maps/maps-splice_acceptor_variant.tsv, results/gnomad/maps/maps-intergenic_variant.tsv, results/gnomad/maps/maps-stop_gained.tsv

Activating conda environment: ../../../../../../../../../../../../../home/tubbsca/snakemake_condas/7190b8f9f7b448e422765cbde69c6c61_
[Thu Feb  1 11:33:09 2024]
Finished job 1.
38 of 39 steps (97%) done
Removing temporary output results/gnomad/maps/maps-intron_variant.tsv.
Removing temporary output results/gnomad/maps/maps-5_prime_UTR_variant.tsv.
Removing temporary output results/gnomad/maps/maps-3_prime_UTR_variant.tsv.
Removing temporary output results/gnomad/maps/maps-synonymous_variant.tsv.
Removing temporary output results/gnomad/maps/maps-missense_variant.tsv.
Removing temporary output results/gnomad/maps/maps-splice_acceptor_variant.tsv.
Removing temporary output results/gnomad/maps/maps-splice_donor_variant.tsv.
Removing temporary output results/gnomad/maps/maps-stop_gained.tsv.
Removing temporary output results/gnomad/maps/maps-intergenic_variant.tsv.
Select jobs to execute...

[Thu Feb  1 11:33:09 2024]
localrule all:
    input: results/gnomad/maps/maps-vep_classes.tsv
    jobid: 0
    reason: Input files updated by another job: results/gnomad/maps/maps-vep_classes.tsv
    resources: tmpdir=/tmp

[Thu Feb  1 11:33:09 2024]
Finished job 0.
39 of 39 steps (100%) done
Complete log: .snakemake/log/2024-02-01T113002.984752.snakemake.log
