Building DAG of jobs...
Using shell: /usr/bin/bash
Provided cores: 24
Rules claiming more threads will be scaled down.
Job stats:
job                    count
-------------------  -------
all                        1
variants_class_snvs        9
total                     10

Select jobs to execute...

[Wed Jan 10 14:16:06 2024]
Job 3: 
        
Reason: Missing output files: results/gnomad/snvs/gnomad_v3.snvs.intron_variant.bed.gz

Activating conda environment: install

[Wed Jan 10 14:16:10 2024]
Job 5: 
        
Reason: Missing output files: results/gnomad/snvs/gnomad_v3.snvs.3_prime_UTR_variant.bed.gz

Activating conda environment: install

[Wed Jan 10 14:16:10 2024]
Job 7: 
        
Reason: Missing output files: results/gnomad/snvs/gnomad_v3.snvs.missense_variant.bed.gz


Activating conda environment: install
[Wed Jan 10 14:16:10 2024]
Job 9: 
        
Reason: Missing output files: results/gnomad/snvs/gnomad_v3.snvs.splice_donor_variant.bed.gz


Activating conda environment: install
[Wed Jan 10 14:16:10 2024]
Job 11: 
        
Reason: Missing output files: results/gnomad/snvs/gnomad_v3.snvs.intergenic_variant.bed.gz


Activating conda environment: install
[Wed Jan 10 14:16:10 2024]
Job 4: 
        
Reason: Missing output files: results/gnomad/snvs/gnomad_v3.snvs.5_prime_UTR_variant.bed.gz


Activating conda environment: install
[Wed Jan 10 14:16:10 2024]
Job 6: 
        
Reason: Missing output files: results/gnomad/snvs/gnomad_v3.snvs.synonymous_variant.bed.gz


Activating conda environment: install
[Wed Jan 10 14:16:10 2024]
Job 8: 
        
Reason: Missing output files: results/gnomad/snvs/gnomad_v3.snvs.splice_acceptor_variant.bed.gz

Activating conda environment: install

[Wed Jan 10 14:16:10 2024]
Job 10: 
        
Reason: Missing output files: results/gnomad/snvs/gnomad_v3.snvs.stop_gained.bed.gz

Activating conda environment: install
[Wed Jan 10 14:16:22 2024]
Finished job 3.
1 of 10 steps (10%) done
[Wed Jan 10 14:16:22 2024]
Finished job 11.
2 of 10 steps (20%) done
[Wed Jan 10 14:16:22 2024]
Finished job 7.
3 of 10 steps (30%) done
[Wed Jan 10 14:16:22 2024]
Finished job 5.
4 of 10 steps (40%) done
[Wed Jan 10 14:16:22 2024]
Finished job 6.
5 of 10 steps (50%) done
[Wed Jan 10 14:16:23 2024]
Finished job 4.
6 of 10 steps (60%) done
[Wed Jan 10 14:16:23 2024]
Finished job 10.
7 of 10 steps (70%) done
[Wed Jan 10 14:16:23 2024]
Finished job 9.
8 of 10 steps (80%) done
[Wed Jan 10 14:16:23 2024]
Finished job 8.
9 of 10 steps (90%) done
Select jobs to execute...

[Wed Jan 10 14:16:23 2024]
localrule all:
    input: resources/data/gnomad/supplement/gnomad_v2.supplement-f10.murates.tsv, results/gnomad/snvs/gnomad_v3.snvs.intron_variant.bed.gz, results/gnomad/snvs/gnomad_v3.snvs.5_prime_UTR_variant.bed.gz, results/gnomad/snvs/gnomad_v3.snvs.3_prime_UTR_variant.bed.gz, results/gnomad/snvs/gnomad_v3.snvs.synonymous_variant.bed.gz, results/gnomad/snvs/gnomad_v3.snvs.missense_variant.bed.gz, results/gnomad/snvs/gnomad_v3.snvs.splice_acceptor_variant.bed.gz, results/gnomad/snvs/gnomad_v3.snvs.splice_donor_variant.bed.gz, results/gnomad/snvs/gnomad_v3.snvs.stop_gained.bed.gz, results/gnomad/snvs/gnomad_v3.snvs.intergenic_variant.bed.gz
    jobid: 0
    reason: Input files updated by another job: results/gnomad/snvs/gnomad_v3.snvs.intron_variant.bed.gz, results/gnomad/snvs/gnomad_v3.snvs.5_prime_UTR_variant.bed.gz, results/gnomad/snvs/gnomad_v3.snvs.stop_gained.bed.gz, results/gnomad/snvs/gnomad_v3.snvs.intergenic_variant.bed.gz, results/gnomad/snvs/gnomad_v3.snvs.missense_variant.bed.gz, results/gnomad/snvs/gnomad_v3.snvs.synonymous_variant.bed.gz, results/gnomad/snvs/gnomad_v3.snvs.splice_acceptor_variant.bed.gz, results/gnomad/snvs/gnomad_v3.snvs.splice_donor_variant.bed.gz, results/gnomad/snvs/gnomad_v3.snvs.3_prime_UTR_variant.bed.gz
    resources: tmpdir=/tmp

[Wed Jan 10 14:16:23 2024]
Finished job 0.
10 of 10 steps (100%) done
Complete log: .snakemake/log/2024-01-10T141600.048802.snakemake.log
