Building DAG of jobs...
Your conda installation is not configured to use strict channel priorities. This is however crucial for having robust and correct environments (for details, see https://conda-forge.org/docs/user/tipsandtricks.html). Please consider to configure strict priorities by executing 'conda config --set channel_priority strict'.
Using shell: /usr/bin/bash
Provided cores: 24
Rules claiming more threads will be scaled down.
Job stats:
job                     count
--------------------  -------
all                         1
model_calibrate_maps        1
total                       2

Select jobs to execute...

[Mon Jan 29 13:15:27 2024]
Job 30: 
        Calibrate maps on synvars 
        
Reason: Code has changed since last execution

Activating conda environment: ../../../../../../../../../../../../../home/tubbsca/snakemake_condas/50da9149049045a0d98d33af04a4495d_
Activating conda environment: ../../../../../../../../../../../../../home/tubbsca/snakemake_condas/50da9149049045a0d98d33af04a4495d_
[Mon Jan 29 13:15:29 2024]
Finished job 30.
1 of 2 steps (50%) done
Select jobs to execute...

[Mon Jan 29 13:15:29 2024]
localrule all:
    input: results/gnomad/snvs/gnomad_v3.snvs.intron_variant.tricontext.murates.bed, results/gnomad/snvs/gnomad_v3.snvs.5_prime_UTR_variant.tricontext.murates.bed, results/gnomad/snvs/gnomad_v3.snvs.3_prime_UTR_variant.tricontext.murates.bed, results/gnomad/snvs/gnomad_v3.snvs.synonymous_variant.tricontext.murates.bed, results/gnomad/snvs/gnomad_v3.snvs.missense_variant.tricontext.murates.bed, results/gnomad/snvs/gnomad_v3.snvs.splice_acceptor_variant.tricontext.murates.bed, results/gnomad/snvs/gnomad_v3.snvs.splice_donor_variant.tricontext.murates.bed, results/gnomad/snvs/gnomad_v3.snvs.stop_gained.tricontext.murates.bed, results/gnomad/snvs/gnomad_v3.snvs.intergenic_variant.tricontext.murates.bed, results/gnomad/maps/maps-calibrated.pickle
    jobid: 0
    reason: Input files updated by another job: results/gnomad/maps/maps-calibrated.pickle
    resources: tmpdir=/tmp

[Mon Jan 29 13:15:29 2024]
Finished job 0.
2 of 2 steps (100%) done
Complete log: .snakemake/log/2024-01-29T131517.609835.snakemake.log
