Building DAG of jobs...
Your conda installation is not configured to use strict channel priorities. This is however crucial for having robust and correct environments (for details, see https://conda-forge.org/docs/user/tipsandtricks.html). Please consider to configure strict priorities by executing 'conda config --set channel_priority strict'.
Creating conda environment workflow/envs/gnomad-maps.yaml...
Downloading and installing remote packages.
Environment for /panfs/accrepfs.vampire/data/ruderferlab/projects/biovu/cnv/cre/CTCF-Variant-Annotation/snakemake/workflows/common/gnomad-maps/workflow/rules/../envs/gnomad-maps.yaml created (location: ../../../../../../../../../../../../../home/tubbsca/snakemake_condas/7190b8f9f7b448e422765cbde69c6c61_)
Using shell: /usr/bin/bash
Provided cores: 24
Rules claiming more threads will be scaled down.
Job stats:
job                                     count
------------------------------------  -------
all                                         1
model_annotate_murates_class_snvs           9
model_annotate_tricontext_class_snvs        9
model_calibrate_maps                        1
model_class_snvs                            9
setup_download_gnomad_v2_supplement         1
setup_extract_gnomad_v2_murates             1
total                                      31

Select jobs to execute...

[Mon Jan 29 15:03:32 2024]
Job 5: 
        Downloads gnomAD v2 supplement.
        
Reason: Missing output files: resources/data/gnomad/supplement/41586_2020_2308_MOESM4_ESM.zip; Software environment definition has changed since last execution

Activating conda environment: ../../../../../../../../../../../../../home/tubbsca/snakemake_condas/7190b8f9f7b448e422765cbde69c6c61_

[Mon Jan 29 15:03:32 2024]
Job 23: 
        Combs through all gnomAD variants and pulls out variants with VEP of a given class.
        
Reason: Forced execution

Activating conda environment: ../../../../../../../../../../../../../home/tubbsca/snakemake_condas/7190b8f9f7b448e422765cbde69c6c61_

[Mon Jan 29 15:03:32 2024]
Job 11: 
        Combs through all gnomAD variants and pulls out variants with VEP of a given class.
        
Reason: Missing output files: results/gnomad/snvs/gnomad_v3.snvs.3_prime_UTR_variant.bed; Software environment definition has changed since last execution

Activating conda environment: ../../../../../../../../../../../../../home/tubbsca/snakemake_condas/7190b8f9f7b448e422765cbde69c6c61_

[Mon Jan 29 15:03:32 2024]
Job 29: 
        Combs through all gnomAD variants and pulls out variants with VEP of a given class.
        
Reason: Missing output files: results/gnomad/snvs/gnomad_v3.snvs.intergenic_variant.bed; Software environment definition has changed since last execution

Activating conda environment: ../../../../../../../../../../../../../home/tubbsca/snakemake_condas/7190b8f9f7b448e422765cbde69c6c61_

[Mon Jan 29 15:03:32 2024]
Job 17: 
        Combs through all gnomAD variants and pulls out variants with VEP of a given class.
        
Reason: Missing output files: results/gnomad/snvs/gnomad_v3.snvs.missense_variant.bed; Software environment definition has changed since last execution

Activating conda environment: ../../../../../../../../../../../../../home/tubbsca/snakemake_condas/7190b8f9f7b448e422765cbde69c6c61_

[Mon Jan 29 15:03:32 2024]
Job 20: 
        Combs through all gnomAD variants and pulls out variants with VEP of a given class.
        
Reason: Forced execution

Activating conda environment: ../../../../../../../../../../../../../home/tubbsca/snakemake_condas/7190b8f9f7b448e422765cbde69c6c61_

[Mon Jan 29 15:03:32 2024]
Job 8: 
        Combs through all gnomAD variants and pulls out variants with VEP of a given class.
        
Reason: Missing output files: results/gnomad/snvs/gnomad_v3.snvs.5_prime_UTR_variant.bed; Software environment definition has changed since last execution

Activating conda environment: ../../../../../../../../../../../../../home/tubbsca/snakemake_condas/7190b8f9f7b448e422765cbde69c6c61_

[Mon Jan 29 15:03:32 2024]
Job 26: 
        Combs through all gnomAD variants and pulls out variants with VEP of a given class.
        
Reason: Forced execution

Activating conda environment: ../../../../../../../../../../../../../home/tubbsca/snakemake_condas/7190b8f9f7b448e422765cbde69c6c61_

[Mon Jan 29 15:03:32 2024]
Job 14: 
        Combs through all gnomAD variants and pulls out variants with VEP of a given class.
        
Reason: Missing output files: results/gnomad/snvs/gnomad_v3.snvs.synonymous_variant.bed; Software environment definition has changed since last execution

Activating conda environment: ../../../../../../../../../../../../../home/tubbsca/snakemake_condas/7190b8f9f7b448e422765cbde69c6c61_

[Mon Jan 29 15:03:32 2024]
Job 3: 
        Combs through all gnomAD variants and pulls out variants with VEP of a given class.
        
Reason: Missing output files: results/gnomad/snvs/gnomad_v3.snvs.intron_variant.bed; Software environment definition has changed since last execution

Activating conda environment: ../../../../../../../../../../../../../home/tubbsca/snakemake_condas/7190b8f9f7b448e422765cbde69c6c61_
[Mon Jan 29 15:03:33 2024]
Finished job 3.
1 of 31 steps (3%) done
Select jobs to execute...

[Mon Jan 29 15:03:33 2024]
Job 2: 
        Annotates class snvs with tricontext 
        
Reason: Missing output files: results/gnomad/snvs/gnomad_v3.snvs.intron_variant.tricontext.bed; Input files updated by another job: results/gnomad/snvs/gnomad_v3.snvs.intron_variant.bed

Activating conda environment: ../../../../../../../../../../../../../home/tubbsca/snakemake_condas/7190b8f9f7b448e422765cbde69c6c61_
[Mon Jan 29 15:03:33 2024]
Finished job 5.
2 of 31 steps (6%) done
Select jobs to execute...

[Mon Jan 29 15:03:33 2024]
Job 4: 
        Unpacks supllement and extracts mutation rates table.
        
Reason: Input files updated by another job: resources/data/gnomad/supplement/41586_2020_2308_MOESM4_ESM.zip

Activating conda environment: ../../../../../../../../../../../../../home/tubbsca/snakemake_condas/7190b8f9f7b448e422765cbde69c6c61_
[Mon Jan 29 15:03:33 2024]
Finished job 17.
3 of 31 steps (10%) done
Select jobs to execute...

[Mon Jan 29 15:03:33 2024]
Job 16: 
        Annotates class snvs with tricontext 
        
Reason: Missing output files: results/gnomad/snvs/gnomad_v3.snvs.missense_variant.tricontext.bed; Input files updated by another job: results/gnomad/snvs/gnomad_v3.snvs.missense_variant.bed

Activating conda environment: ../../../../../../../../../../../../../home/tubbsca/snakemake_condas/7190b8f9f7b448e422765cbde69c6c61_
[Mon Jan 29 15:03:34 2024]
Finished job 11.
4 of 31 steps (13%) done
Select jobs to execute...

[Mon Jan 29 15:03:34 2024]
Job 10: 
        Annotates class snvs with tricontext 
        
Reason: Missing output files: results/gnomad/snvs/gnomad_v3.snvs.3_prime_UTR_variant.tricontext.bed; Input files updated by another job: results/gnomad/snvs/gnomad_v3.snvs.3_prime_UTR_variant.bed

Activating conda environment: ../../../../../../../../../../../../../home/tubbsca/snakemake_condas/7190b8f9f7b448e422765cbde69c6c61_
Activating conda environment: ../../../../../../../../../../../../../home/tubbsca/snakemake_condas/7190b8f9f7b448e422765cbde69c6c61_
[Mon Jan 29 15:03:34 2024]
Finished job 8.
5 of 31 steps (16%) done
Select jobs to execute...

[Mon Jan 29 15:03:34 2024]
Job 7: 
        Annotates class snvs with tricontext 
        
Reason: Missing output files: results/gnomad/snvs/gnomad_v3.snvs.5_prime_UTR_variant.tricontext.bed; Input files updated by another job: results/gnomad/snvs/gnomad_v3.snvs.5_prime_UTR_variant.bed

Activating conda environment: ../../../../../../../../../../../../../home/tubbsca/snakemake_condas/7190b8f9f7b448e422765cbde69c6c61_
[Mon Jan 29 15:03:34 2024]
Finished job 29.
6 of 31 steps (19%) done
Select jobs to execute...

[Mon Jan 29 15:03:34 2024]
Job 28: 
        Annotates class snvs with tricontext 
        
Reason: Missing output files: results/gnomad/snvs/gnomad_v3.snvs.intergenic_variant.tricontext.bed; Input files updated by another job: results/gnomad/snvs/gnomad_v3.snvs.intergenic_variant.bed

Activating conda environment: ../../../../../../../../../../../../../home/tubbsca/snakemake_condas/7190b8f9f7b448e422765cbde69c6c61_
[Mon Jan 29 15:03:34 2024]
Finished job 4.
7 of 31 steps (23%) done
Removing temporary output resources/data/gnomad/supplement/41586_2020_2308_MOESM4_ESM.zip.
Activating conda environment: ../../../../../../../../../../../../../home/tubbsca/snakemake_condas/7190b8f9f7b448e422765cbde69c6c61_
Activating conda environment: ../../../../../../../../../../../../../home/tubbsca/snakemake_condas/7190b8f9f7b448e422765cbde69c6c61_
Activating conda environment: ../../../../../../../../../../../../../home/tubbsca/snakemake_condas/7190b8f9f7b448e422765cbde69c6c61_
Activating conda environment: ../../../../../../../../../../../../../home/tubbsca/snakemake_condas/7190b8f9f7b448e422765cbde69c6c61_
[Mon Jan 29 15:03:35 2024]
Finished job 14.
8 of 31 steps (26%) done
Select jobs to execute...

[Mon Jan 29 15:03:35 2024]
Job 13: 
        Annotates class snvs with tricontext 
        
Reason: Missing output files: results/gnomad/snvs/gnomad_v3.snvs.synonymous_variant.tricontext.bed; Input files updated by another job: results/gnomad/snvs/gnomad_v3.snvs.synonymous_variant.bed

Activating conda environment: ../../../../../../../../../../../../../home/tubbsca/snakemake_condas/7190b8f9f7b448e422765cbde69c6c61_
Activating conda environment: ../../../../../../../../../../../../../home/tubbsca/snakemake_condas/7190b8f9f7b448e422765cbde69c6c61_
[Mon Jan 29 15:03:36 2024]
Finished job 16.
9 of 31 steps (29%) done
Removing temporary output results/gnomad/snvs/gnomad_v3.snvs.missense_variant.bed.
Select jobs to execute...

[Mon Jan 29 15:03:36 2024]
Job 15: 
        Annotates class snvs with mutation rates. 
        
Reason: Input files updated by another job: resources/data/gnomad/supplement/gnomad_v2.supplement-f10.murates.tsv, results/gnomad/snvs/gnomad_v3.snvs.missense_variant.tricontext.bed

[Mon Jan 29 15:03:36 2024]
Finished job 7.
10 of 31 steps (32%) done
Removing temporary output results/gnomad/snvs/gnomad_v3.snvs.5_prime_UTR_variant.bed.
Activating conda environment: ../../../../../../../../../../../../../home/tubbsca/snakemake_condas/7190b8f9f7b448e422765cbde69c6c61_
[Mon Jan 29 15:03:36 2024]
Finished job 2.
11 of 31 steps (35%) done
Removing temporary output results/gnomad/snvs/gnomad_v3.snvs.intron_variant.bed.
[Mon Jan 29 15:03:36 2024]
Finished job 10.
12 of 31 steps (39%) done
Removing temporary output results/gnomad/snvs/gnomad_v3.snvs.3_prime_UTR_variant.bed.
[Mon Jan 29 15:03:36 2024]
Finished job 28.
13 of 31 steps (42%) done
Removing temporary output results/gnomad/snvs/gnomad_v3.snvs.intergenic_variant.bed.
Select jobs to execute...

[Mon Jan 29 15:03:36 2024]
Job 9: 
        Annotates class snvs with mutation rates. 
        
Reason: Input files updated by another job: resources/data/gnomad/supplement/gnomad_v2.supplement-f10.murates.tsv, results/gnomad/snvs/gnomad_v3.snvs.3_prime_UTR_variant.tricontext.bed

[Mon Jan 29 15:03:36 2024]
Job 27: 
        Annotates class snvs with mutation rates. 
        
Reason: Input files updated by another job: resources/data/gnomad/supplement/gnomad_v2.supplement-f10.murates.tsv, results/gnomad/snvs/gnomad_v3.snvs.intergenic_variant.tricontext.bed

Activating conda environment: ../../../../../../../../../../../../../home/tubbsca/snakemake_condas/7190b8f9f7b448e422765cbde69c6c61_

[Mon Jan 29 15:03:36 2024]
Job 6: 
        Annotates class snvs with mutation rates. 
        
Reason: Input files updated by another job: resources/data/gnomad/supplement/gnomad_v2.supplement-f10.murates.tsv, results/gnomad/snvs/gnomad_v3.snvs.5_prime_UTR_variant.tricontext.bed

Activating conda environment: ../../../../../../../../../../../../../home/tubbsca/snakemake_condas/7190b8f9f7b448e422765cbde69c6c61_

[Mon Jan 29 15:03:36 2024]
Job 1: 
        Annotates class snvs with mutation rates. 
        
Reason: Input files updated by another job: resources/data/gnomad/supplement/gnomad_v2.supplement-f10.murates.tsv, results/gnomad/snvs/gnomad_v3.snvs.intron_variant.tricontext.bed

Activating conda environment: ../../../../../../../../../../../../../home/tubbsca/snakemake_condas/7190b8f9f7b448e422765cbde69c6c61_
Activating conda environment: ../../../../../../../../../../../../../home/tubbsca/snakemake_condas/7190b8f9f7b448e422765cbde69c6c61_
[Mon Jan 29 15:03:37 2024]
Finished job 13.
14 of 31 steps (45%) done
Removing temporary output results/gnomad/snvs/gnomad_v3.snvs.synonymous_variant.bed.
Select jobs to execute...

[Mon Jan 29 15:03:37 2024]
Job 12: 
        Annotates class snvs with mutation rates. 
        
Reason: Input files updated by another job: resources/data/gnomad/supplement/gnomad_v2.supplement-f10.murates.tsv, results/gnomad/snvs/gnomad_v3.snvs.synonymous_variant.tricontext.bed

Activating conda environment: ../../../../../../../../../../../../../home/tubbsca/snakemake_condas/7190b8f9f7b448e422765cbde69c6c61_
Activating conda environment: ../../../../../../../../../../../../../home/tubbsca/snakemake_condas/7190b8f9f7b448e422765cbde69c6c61_
Activating conda environment: ../../../../../../../../../../../../../home/tubbsca/snakemake_condas/7190b8f9f7b448e422765cbde69c6c61_
Activating conda environment: ../../../../../../../../../../../../../home/tubbsca/snakemake_condas/7190b8f9f7b448e422765cbde69c6c61_
Activating conda environment: ../../../../../../../../../../../../../home/tubbsca/snakemake_condas/7190b8f9f7b448e422765cbde69c6c61_
Activating conda environment: ../../../../../../../../../../../../../home/tubbsca/snakemake_condas/7190b8f9f7b448e422765cbde69c6c61_
Activating conda environment: ../../../../../../../../../../../../../home/tubbsca/snakemake_condas/7190b8f9f7b448e422765cbde69c6c61_
[Mon Jan 29 15:03:38 2024]
Finished job 15.
15 of 31 steps (48%) done
Removing temporary output results/gnomad/snvs/gnomad_v3.snvs.missense_variant.tricontext.bed.
[Mon Jan 29 15:03:38 2024]
Finished job 9.
16 of 31 steps (52%) done
Removing temporary output results/gnomad/snvs/gnomad_v3.snvs.3_prime_UTR_variant.tricontext.bed.
[Mon Jan 29 15:03:38 2024]
Finished job 1.
17 of 31 steps (55%) done
Removing temporary output results/gnomad/snvs/gnomad_v3.snvs.intron_variant.tricontext.bed.
[Mon Jan 29 15:03:38 2024]
Finished job 6.
18 of 31 steps (58%) done
Removing temporary output results/gnomad/snvs/gnomad_v3.snvs.5_prime_UTR_variant.tricontext.bed.
[Mon Jan 29 15:03:38 2024]
Finished job 27.
19 of 31 steps (61%) done
Removing temporary output results/gnomad/snvs/gnomad_v3.snvs.intergenic_variant.tricontext.bed.
[Mon Jan 29 15:03:38 2024]
Finished job 12.
20 of 31 steps (65%) done
Removing temporary output results/gnomad/snvs/gnomad_v3.snvs.synonymous_variant.tricontext.bed.
Select jobs to execute...

[Mon Jan 29 15:03:38 2024]
Job 30: 
        Calibrate maps on synvars 
        
Reason: Missing output files: results/gnomad/maps/maps-calibrated.pickle; Input files updated by another job: results/gnomad/snvs/gnomad_v3.snvs.synonymous_variant.tricontext.murates.bed

Activating conda environment: ../../../../../../../../../../../../../home/tubbsca/snakemake_condas/7190b8f9f7b448e422765cbde69c6c61_
Activating conda environment: ../../../../../../../../../../../../../home/tubbsca/snakemake_condas/7190b8f9f7b448e422765cbde69c6c61_
[Mon Jan 29 15:03:41 2024]
Finished job 30.
21 of 31 steps (68%) done
[Mon Jan 29 15:04:41 2024]
Finished job 26.
22 of 31 steps (71%) done
Select jobs to execute...

[Mon Jan 29 15:04:41 2024]
Job 25: 
        Annotates class snvs with tricontext 
        
Reason: Missing output files: results/gnomad/snvs/gnomad_v3.snvs.stop_gained.tricontext.bed; Input files updated by another job: results/gnomad/snvs/gnomad_v3.snvs.stop_gained.bed

Activating conda environment: ../../../../../../../../../../../../../home/tubbsca/snakemake_condas/7190b8f9f7b448e422765cbde69c6c61_
Activating conda environment: ../../../../../../../../../../../../../home/tubbsca/snakemake_condas/7190b8f9f7b448e422765cbde69c6c61_
[Mon Jan 29 15:04:43 2024]
Finished job 25.
23 of 31 steps (74%) done
Removing temporary output results/gnomad/snvs/gnomad_v3.snvs.stop_gained.bed.
Select jobs to execute...

[Mon Jan 29 15:04:43 2024]
Job 24: 
        Annotates class snvs with mutation rates. 
        
Reason: Missing output files: results/gnomad/snvs/gnomad_v3.snvs.stop_gained.tricontext.murates.bed; Input files updated by another job: resources/data/gnomad/supplement/gnomad_v2.supplement-f10.murates.tsv, results/gnomad/snvs/gnomad_v3.snvs.stop_gained.tricontext.bed

Activating conda environment: ../../../../../../../../../../../../../home/tubbsca/snakemake_condas/7190b8f9f7b448e422765cbde69c6c61_
Activating conda environment: ../../../../../../../../../../../../../home/tubbsca/snakemake_condas/7190b8f9f7b448e422765cbde69c6c61_
[Mon Jan 29 15:04:44 2024]
Finished job 24.
24 of 31 steps (77%) done
Removing temporary output results/gnomad/snvs/gnomad_v3.snvs.stop_gained.tricontext.bed.
[Mon Jan 29 15:05:37 2024]
Finished job 23.
25 of 31 steps (81%) done
Select jobs to execute...

[Mon Jan 29 15:05:37 2024]
Job 22: 
        Annotates class snvs with tricontext 
        
Reason: Missing output files: results/gnomad/snvs/gnomad_v3.snvs.splice_donor_variant.tricontext.bed; Input files updated by another job: results/gnomad/snvs/gnomad_v3.snvs.splice_donor_variant.bed

Activating conda environment: ../../../../../../../../../../../../../home/tubbsca/snakemake_condas/7190b8f9f7b448e422765cbde69c6c61_
Activating conda environment: ../../../../../../../../../../../../../home/tubbsca/snakemake_condas/7190b8f9f7b448e422765cbde69c6c61_
[Mon Jan 29 15:05:39 2024]
Finished job 22.
26 of 31 steps (84%) done
Removing temporary output results/gnomad/snvs/gnomad_v3.snvs.splice_donor_variant.bed.
Select jobs to execute...

[Mon Jan 29 15:05:39 2024]
Job 21: 
        Annotates class snvs with mutation rates. 
        
Reason: Missing output files: results/gnomad/snvs/gnomad_v3.snvs.splice_donor_variant.tricontext.murates.bed; Input files updated by another job: resources/data/gnomad/supplement/gnomad_v2.supplement-f10.murates.tsv, results/gnomad/snvs/gnomad_v3.snvs.splice_donor_variant.tricontext.bed

Activating conda environment: ../../../../../../../../../../../../../home/tubbsca/snakemake_condas/7190b8f9f7b448e422765cbde69c6c61_
Activating conda environment: ../../../../../../../../../../../../../home/tubbsca/snakemake_condas/7190b8f9f7b448e422765cbde69c6c61_
[Mon Jan 29 15:05:41 2024]
Finished job 21.
27 of 31 steps (87%) done
Removing temporary output results/gnomad/snvs/gnomad_v3.snvs.splice_donor_variant.tricontext.bed.
[Mon Jan 29 15:06:29 2024]
Finished job 20.
28 of 31 steps (90%) done
Select jobs to execute...

[Mon Jan 29 15:06:29 2024]
Job 19: 
        Annotates class snvs with tricontext 
        
Reason: Missing output files: results/gnomad/snvs/gnomad_v3.snvs.splice_acceptor_variant.tricontext.bed; Input files updated by another job: results/gnomad/snvs/gnomad_v3.snvs.splice_acceptor_variant.bed

Activating conda environment: ../../../../../../../../../../../../../home/tubbsca/snakemake_condas/7190b8f9f7b448e422765cbde69c6c61_
Activating conda environment: ../../../../../../../../../../../../../home/tubbsca/snakemake_condas/7190b8f9f7b448e422765cbde69c6c61_
[Mon Jan 29 15:06:31 2024]
Finished job 19.
29 of 31 steps (94%) done
Removing temporary output results/gnomad/snvs/gnomad_v3.snvs.splice_acceptor_variant.bed.
Select jobs to execute...

[Mon Jan 29 15:06:31 2024]
Job 18: 
        Annotates class snvs with mutation rates. 
        
Reason: Missing output files: results/gnomad/snvs/gnomad_v3.snvs.splice_acceptor_variant.tricontext.murates.bed; Input files updated by another job: resources/data/gnomad/supplement/gnomad_v2.supplement-f10.murates.tsv, results/gnomad/snvs/gnomad_v3.snvs.splice_acceptor_variant.tricontext.bed

Activating conda environment: ../../../../../../../../../../../../../home/tubbsca/snakemake_condas/7190b8f9f7b448e422765cbde69c6c61_
Activating conda environment: ../../../../../../../../../../../../../home/tubbsca/snakemake_condas/7190b8f9f7b448e422765cbde69c6c61_
[Mon Jan 29 15:06:32 2024]
Finished job 18.
30 of 31 steps (97%) done
Removing temporary output results/gnomad/snvs/gnomad_v3.snvs.splice_acceptor_variant.tricontext.bed.
Select jobs to execute...

[Mon Jan 29 15:06:32 2024]
localrule all:
    input: results/gnomad/snvs/gnomad_v3.snvs.intron_variant.tricontext.murates.bed, results/gnomad/snvs/gnomad_v3.snvs.5_prime_UTR_variant.tricontext.murates.bed, results/gnomad/snvs/gnomad_v3.snvs.3_prime_UTR_variant.tricontext.murates.bed, results/gnomad/snvs/gnomad_v3.snvs.synonymous_variant.tricontext.murates.bed, results/gnomad/snvs/gnomad_v3.snvs.missense_variant.tricontext.murates.bed, results/gnomad/snvs/gnomad_v3.snvs.splice_acceptor_variant.tricontext.murates.bed, results/gnomad/snvs/gnomad_v3.snvs.splice_donor_variant.tricontext.murates.bed, results/gnomad/snvs/gnomad_v3.snvs.stop_gained.tricontext.murates.bed, results/gnomad/snvs/gnomad_v3.snvs.intergenic_variant.tricontext.murates.bed, results/gnomad/maps/maps-calibrated.pickle
    jobid: 0
    reason: Input files updated by another job: results/gnomad/snvs/gnomad_v3.snvs.3_prime_UTR_variant.tricontext.murates.bed, results/gnomad/snvs/gnomad_v3.snvs.5_prime_UTR_variant.tricontext.murates.bed, results/gnomad/maps/maps-calibrated.pickle, results/gnomad/snvs/gnomad_v3.snvs.splice_donor_variant.tricontext.murates.bed, results/gnomad/snvs/gnomad_v3.snvs.stop_gained.tricontext.murates.bed, results/gnomad/snvs/gnomad_v3.snvs.intergenic_variant.tricontext.murates.bed, results/gnomad/snvs/gnomad_v3.snvs.missense_variant.tricontext.murates.bed, results/gnomad/snvs/gnomad_v3.snvs.synonymous_variant.tricontext.murates.bed, results/gnomad/snvs/gnomad_v3.snvs.intron_variant.tricontext.murates.bed, results/gnomad/snvs/gnomad_v3.snvs.splice_acceptor_variant.tricontext.murates.bed
    resources: tmpdir=/tmp

[Mon Jan 29 15:06:32 2024]
Finished job 0.
31 of 31 steps (100%) done
Complete log: .snakemake/log/2024-01-29T150105.375947.snakemake.log
