Building DAG of jobs...
Your conda installation is not configured to use strict channel priorities. This is however crucial for having robust and correct environments (for details, see https://conda-forge.org/docs/user/tipsandtricks.html). Please consider to configure strict priorities by executing 'conda config --set channel_priority strict'.
Using shell: /usr/bin/bash
Provided cores: 24
Rules claiming more threads will be scaled down.
Job stats:
job                                     count
------------------------------------  -------
all                                         1
model_annotate_murates_class_snvs           2
model_annotate_tricontext_class_snvs        2
model_calculate_class_maps                  9
model_class_snvs                            2
total                                      16

Select jobs to execute...

[Thu Feb  1 09:10:42 2024]
Job 32: 
        Calibrate maps on all VEP vars 
        
Reason: Missing output files: results/gnomad/maps/maps-stop_gained.tsv

[Thu Feb  1 09:10:42 2024]
Job 19: 
        Calibrate maps on all VEP vars 
        
Reason: Missing output files: results/gnomad/maps/maps-synonymous_variant.tsv

[Thu Feb  1 09:10:42 2024]
Job 11: 
        Calibrate maps on all VEP vars 
        
Reason: Missing output files: results/gnomad/maps/maps-5_prime_UTR_variant.tsv

[Thu Feb  1 09:10:42 2024]
Job 27: 
        Combs through all gnomAD variants and pulls out variants with VEP of a given class.
        
Reason: Forced execution

Activating conda environment: ../../../../../../../../../../../../../home/tubbsca/snakemake_condas/7190b8f9f7b448e422765cbde69c6c61_

[Thu Feb  1 09:10:42 2024]
Job 15: 
        Calibrate maps on all VEP vars 
        
Reason: Missing output files: results/gnomad/maps/maps-3_prime_UTR_variant.tsv

[Thu Feb  1 09:10:42 2024]
Job 31: 
        Combs through all gnomAD variants and pulls out variants with VEP of a given class.
        
Reason: Forced execution

Activating conda environment: ../../../../../../../../../../../../../home/tubbsca/snakemake_condas/7190b8f9f7b448e422765cbde69c6c61_

[Thu Feb  1 09:10:42 2024]
Activating conda environment: ../../../../../../../../../../../../../home/tubbsca/snakemake_condas/7190b8f9f7b448e422765cbde69c6c61_
Job 20: 
        Calibrate maps on all VEP vars 
        
Reason: Missing output files: results/gnomad/maps/maps-missense_variant.tsv
Activating conda environment: ../../../../../../../../../../../../../home/tubbsca/snakemake_condas/7190b8f9f7b448e422765cbde69c6c61_

Activating conda environment: ../../../../../../../../../../../../../home/tubbsca/snakemake_condas/7190b8f9f7b448e422765cbde69c6c61_
Activating conda environment: ../../../../../../../../../../../../../home/tubbsca/snakemake_condas/7190b8f9f7b448e422765cbde69c6c61_

[Thu Feb  1 09:10:42 2024]
Job 36: 
        Calibrate maps on all VEP vars 
        
Reason: Missing output files: results/gnomad/maps/maps-intergenic_variant.tsv

Activating conda environment: ../../../../../../../../../../../../../home/tubbsca/snakemake_condas/7190b8f9f7b448e422765cbde69c6c61_

[Thu Feb  1 09:10:42 2024]
Job 1: 
        Calibrate maps on all VEP vars 
        
Reason: Missing output files: results/gnomad/maps/maps-intron_variant.tsv

Activating conda environment: ../../../../../../../../../../../../../home/tubbsca/snakemake_condas/7190b8f9f7b448e422765cbde69c6c61_
Activating conda environment: ../../../../../../../../../../../../../home/tubbsca/snakemake_condas/7190b8f9f7b448e422765cbde69c6c61_
Activating conda environment: ../../../../../../../../../../../../../home/tubbsca/snakemake_condas/7190b8f9f7b448e422765cbde69c6c61_
Activating conda environment: ../../../../../../../../../../../../../home/tubbsca/snakemake_condas/7190b8f9f7b448e422765cbde69c6c61_
Activating conda environment: ../../../../../../../../../../../../../home/tubbsca/snakemake_condas/7190b8f9f7b448e422765cbde69c6c61_
Activating conda environment: ../../../../../../../../../../../../../home/tubbsca/snakemake_condas/7190b8f9f7b448e422765cbde69c6c61_
Activating conda environment: ../../../../../../../../../../../../../home/tubbsca/snakemake_condas/7190b8f9f7b448e422765cbde69c6c61_
Activating conda environment: ../../../../../../../../../../../../../home/tubbsca/snakemake_condas/7190b8f9f7b448e422765cbde69c6c61_
Activating conda environment: ../../../../../../../../../../../../../home/tubbsca/snakemake_condas/7190b8f9f7b448e422765cbde69c6c61_
[Thu Feb  1 09:10:44 2024]
Finished job 32.
1 of 16 steps (6%) done
Removing temporary output results/gnomad/snvs/gnomad_v3.snvs.stop_gained.tricontext.murates.bed.
[Thu Feb  1 09:10:45 2024]
Finished job 11.
2 of 16 steps (12%) done
Removing temporary output results/gnomad/snvs/gnomad_v3.snvs.5_prime_UTR_variant.tricontext.murates.bed.
[Thu Feb  1 09:10:45 2024]
Finished job 1.
3 of 16 steps (19%) done
Removing temporary output results/gnomad/snvs/gnomad_v3.snvs.intron_variant.tricontext.murates.bed.
[Thu Feb  1 09:10:45 2024]
Finished job 19.
4 of 16 steps (25%) done
Removing temporary output results/gnomad/snvs/gnomad_v3.snvs.synonymous_variant.tricontext.murates.bed.
[Thu Feb  1 09:10:45 2024]
Finished job 20.
5 of 16 steps (31%) done
Removing temporary output results/gnomad/snvs/gnomad_v3.snvs.missense_variant.tricontext.murates.bed.
[Thu Feb  1 09:10:45 2024]
Finished job 15.
6 of 16 steps (38%) done
Removing temporary output results/gnomad/snvs/gnomad_v3.snvs.3_prime_UTR_variant.tricontext.murates.bed.
[Thu Feb  1 09:10:45 2024]
Finished job 36.
7 of 16 steps (44%) done
Removing temporary output results/gnomad/snvs/gnomad_v3.snvs.intergenic_variant.tricontext.murates.bed.
Terminating processes on user request, this might take some time.
[Thu Feb  1 09:10:48 2024]
Error in rule model_class_snvs:
    jobid: 31
    input: /data/ruderferlab/resources/gnomad/results/gnomad.v3.snvs.all.hg38.bed.gz
    output: results/gnomad/snvs/gnomad_v3.snvs.splice_donor_variant.bed
    log: workflow/logs/class_snvs-splice_donor_variant.stdout, workflow/logs/class_snvs-splice_donor_variant.stderr (check log file(s) for error details)
    conda-env: /home/tubbsca/snakemake_condas/7190b8f9f7b448e422765cbde69c6c61_
    shell:
        
        set +o pipefail
        zcat /data/ruderferlab/resources/gnomad/results/gnomad.v3.snvs.all.hg38.bed.gz | vawk 'index($9, "splice_donor_variant")' | head -n10000 > results/gnomad/snvs/gnomad_v3.snvs.splice_donor_variant.bed
        
        (one of the commands exited with non-zero exit code; note that snakemake uses bash strict mode!)

[Thu Feb  1 09:10:48 2024]
Error in rule model_class_snvs:
    jobid: 27
    input: /data/ruderferlab/resources/gnomad/results/gnomad.v3.snvs.all.hg38.bed.gz
    output: results/gnomad/snvs/gnomad_v3.snvs.splice_acceptor_variant.bed
    log: workflow/logs/class_snvs-splice_acceptor_variant.stdout, workflow/logs/class_snvs-splice_acceptor_variant.stderr (check log file(s) for error details)
    conda-env: /home/tubbsca/snakemake_condas/7190b8f9f7b448e422765cbde69c6c61_
    shell:
        
        set +o pipefail
        zcat /data/ruderferlab/resources/gnomad/results/gnomad.v3.snvs.all.hg38.bed.gz | vawk 'index($9, "splice_acceptor_variant")' | head -n10000 > results/gnomad/snvs/gnomad_v3.snvs.splice_acceptor_variant.bed
        
        (one of the commands exited with non-zero exit code; note that snakemake uses bash strict mode!)

Complete log: .snakemake/log/2024-02-01T091037.531102.snakemake.log
