Building DAG of jobs...
Your conda installation is not configured to use strict channel priorities. This is however crucial for having robust and correct environments (for details, see https://conda-forge.org/docs/user/tipsandtricks.html). Please consider to configure strict priorities by executing 'conda config --set channel_priority strict'.
Using shell: /usr/bin/bash
Provided cores: 24
Rules claiming more threads will be scaled down.
Job stats:
job                                        count
---------------------------------------  -------
all                                            1
variants_annotate_tricontext_class_snvs        9
total                                         10

Select jobs to execute...

[Mon Jan 29 11:16:08 2024]
Job 5: 
        Annotates class snvs with tricontext 
        
Reason: Missing output files: results/gnomad/snvs/gnomad_v3.snvs.3_prime_UTR_variant.tricontext.bed.gz

[Mon Jan 29 11:16:08 2024]
Job 7: 
        Annotates class snvs with tricontext 
        
Reason: Missing output files: results/gnomad/snvs/gnomad_v3.snvs.synonymous_variant.tricontext.bed.gz

[Mon Jan 29 11:16:08 2024]
Job 9: 
        Annotates class snvs with tricontext 
        
Reason: Missing output files: results/gnomad/snvs/gnomad_v3.snvs.missense_variant.tricontext.bed.gz

[Mon Jan 29 11:16:08 2024]
Job 11: 
        Annotates class snvs with tricontext 
        
Reason: Missing output files: results/gnomad/snvs/gnomad_v3.snvs.splice_acceptor_variant.tricontext.bed.gz

[Mon Jan 29 11:16:08 2024]
Job 13: 
        Annotates class snvs with tricontext 
        
Reason: Missing output files: results/gnomad/snvs/gnomad_v3.snvs.splice_donor_variant.tricontext.bed.gz

[Mon Jan 29 11:16:08 2024]
Job 15: 
        Annotates class snvs with tricontext 
        
Reason: Missing output files: results/gnomad/snvs/gnomad_v3.snvs.stop_gained.tricontext.bed.gz

Activating conda environment: ../../../../../../../../../../../../../home/tubbsca/snakemake_condas/330ed4be5649b54b8122c72ae4afcc9c_
Activating conda environment: ../../../../../../../../../../../../../home/tubbsca/snakemake_condas/330ed4be5649b54b8122c72ae4afcc9c_
Activating conda environment: ../../../../../../../../../../../../../home/tubbsca/snakemake_condas/330ed4be5649b54b8122c72ae4afcc9c_
Activating conda environment: ../../../../../../../../../../../../../home/tubbsca/snakemake_condas/330ed4be5649b54b8122c72ae4afcc9c_

[Mon Jan 29 11:16:08 2024]
Job 17: 
        Annotates class snvs with tricontext 
        
Reason: Missing output files: results/gnomad/snvs/gnomad_v3.snvs.intergenic_variant.tricontext.bed.gz

Activating conda environment: ../../../../../../../../../../../../../home/tubbsca/snakemake_condas/330ed4be5649b54b8122c72ae4afcc9c_
Activating conda environment: ../../../../../../../../../../../../../home/tubbsca/snakemake_condas/330ed4be5649b54b8122c72ae4afcc9c_

[Mon Jan 29 11:16:08 2024]
Job 1: 
        Annotates class snvs with tricontext 
        
Reason: Missing output files: results/gnomad/snvs/gnomad_v3.snvs.intron_variant.tricontext.bed.gz

Activating conda environment: ../../../../../../../../../../../../../home/tubbsca/snakemake_condas/330ed4be5649b54b8122c72ae4afcc9c_

[Mon Jan 29 11:16:08 2024]
Job 3: 
        Annotates class snvs with tricontext 
        
Reason: Missing output files: results/gnomad/snvs/gnomad_v3.snvs.5_prime_UTR_variant.tricontext.bed.gz

Activating conda environment: ../../../../../../../../../../../../../home/tubbsca/snakemake_condas/330ed4be5649b54b8122c72ae4afcc9c_
Activating conda environment: ../../../../../../../../../../../../../home/tubbsca/snakemake_condas/330ed4be5649b54b8122c72ae4afcc9c_
Activating conda environment: ../../../../../../../../../../../../../home/tubbsca/snakemake_condas/330ed4be5649b54b8122c72ae4afcc9c_
Activating conda environment: ../../../../../../../../../../../../../home/tubbsca/snakemake_condas/330ed4be5649b54b8122c72ae4afcc9c_
Activating conda environment: ../../../../../../../../../../../../../home/tubbsca/snakemake_condas/330ed4be5649b54b8122c72ae4afcc9c_
Activating conda environment: ../../../../../../../../../../../../../home/tubbsca/snakemake_condas/330ed4be5649b54b8122c72ae4afcc9c_
Activating conda environment: ../../../../../../../../../../../../../home/tubbsca/snakemake_condas/330ed4be5649b54b8122c72ae4afcc9c_
Activating conda environment: ../../../../../../../../../../../../../home/tubbsca/snakemake_condas/330ed4be5649b54b8122c72ae4afcc9c_
Activating conda environment: ../../../../../../../../../../../../../home/tubbsca/snakemake_condas/330ed4be5649b54b8122c72ae4afcc9c_
Activating conda environment: ../../../../../../../../../../../../../home/tubbsca/snakemake_condas/330ed4be5649b54b8122c72ae4afcc9c_
Activating conda environment: ../../../../../../../../../../../../../home/tubbsca/snakemake_condas/330ed4be5649b54b8122c72ae4afcc9c_
[Mon Jan 29 11:16:10 2024]
Finished job 15.
1 of 10 steps (10%) done
Removing temporary output results/gnomad/snvs/gnomad_v3.snvs.stop_gained.bed.gz.
[Mon Jan 29 11:16:10 2024]
Finished job 5.
2 of 10 steps (20%) done
Removing temporary output results/gnomad/snvs/gnomad_v3.snvs.3_prime_UTR_variant.bed.gz.
[Mon Jan 29 11:16:10 2024]
Finished job 13.
3 of 10 steps (30%) done
Removing temporary output results/gnomad/snvs/gnomad_v3.snvs.splice_donor_variant.bed.gz.
[Mon Jan 29 11:16:10 2024]
Finished job 11.
4 of 10 steps (40%) done
Removing temporary output results/gnomad/snvs/gnomad_v3.snvs.splice_acceptor_variant.bed.gz.
[Mon Jan 29 11:16:10 2024]
Finished job 1.
5 of 10 steps (50%) done
Removing temporary output results/gnomad/snvs/gnomad_v3.snvs.intron_variant.bed.gz.
[Mon Jan 29 11:16:10 2024]
Finished job 17.
6 of 10 steps (60%) done
Removing temporary output results/gnomad/snvs/gnomad_v3.snvs.intergenic_variant.bed.gz.
[Mon Jan 29 11:16:10 2024]
Finished job 9.
7 of 10 steps (70%) done
Removing temporary output results/gnomad/snvs/gnomad_v3.snvs.missense_variant.bed.gz.
[Mon Jan 29 11:16:10 2024]
Finished job 3.
8 of 10 steps (80%) done
Removing temporary output results/gnomad/snvs/gnomad_v3.snvs.5_prime_UTR_variant.bed.gz.
[Mon Jan 29 11:16:10 2024]
Finished job 7.
9 of 10 steps (90%) done
Removing temporary output results/gnomad/snvs/gnomad_v3.snvs.synonymous_variant.bed.gz.
Select jobs to execute...

[Mon Jan 29 11:16:10 2024]
localrule all:
    input: results/gnomad/snvs/gnomad_v3.snvs.intron_variant.tricontext.bed.gz, results/gnomad/snvs/gnomad_v3.snvs.5_prime_UTR_variant.tricontext.bed.gz, results/gnomad/snvs/gnomad_v3.snvs.3_prime_UTR_variant.tricontext.bed.gz, results/gnomad/snvs/gnomad_v3.snvs.synonymous_variant.tricontext.bed.gz, results/gnomad/snvs/gnomad_v3.snvs.missense_variant.tricontext.bed.gz, results/gnomad/snvs/gnomad_v3.snvs.splice_acceptor_variant.tricontext.bed.gz, results/gnomad/snvs/gnomad_v3.snvs.splice_donor_variant.tricontext.bed.gz, results/gnomad/snvs/gnomad_v3.snvs.stop_gained.tricontext.bed.gz, results/gnomad/snvs/gnomad_v3.snvs.intergenic_variant.tricontext.bed.gz
    jobid: 0
    reason: Input files updated by another job: results/gnomad/snvs/gnomad_v3.snvs.splice_acceptor_variant.tricontext.bed.gz, results/gnomad/snvs/gnomad_v3.snvs.synonymous_variant.tricontext.bed.gz, results/gnomad/snvs/gnomad_v3.snvs.5_prime_UTR_variant.tricontext.bed.gz, results/gnomad/snvs/gnomad_v3.snvs.missense_variant.tricontext.bed.gz, results/gnomad/snvs/gnomad_v3.snvs.splice_donor_variant.tricontext.bed.gz, results/gnomad/snvs/gnomad_v3.snvs.intergenic_variant.tricontext.bed.gz, results/gnomad/snvs/gnomad_v3.snvs.stop_gained.tricontext.bed.gz, results/gnomad/snvs/gnomad_v3.snvs.3_prime_UTR_variant.tricontext.bed.gz, results/gnomad/snvs/gnomad_v3.snvs.intron_variant.tricontext.bed.gz
    resources: tmpdir=/tmp

[Mon Jan 29 11:16:10 2024]
Finished job 0.
10 of 10 steps (100%) done
Complete log: .snakemake/log/2024-01-29T111603.471484.snakemake.log
